{"/Users/roger.gost/Documents/repos/MatchMap/hooks/useBoostBars.ts": {"path":"/Users/roger.gost/Documents/repos/MatchMap/hooks/useBoostBars.ts","statementMap":{"0":{"start":{"line":41,"column":36},"end":{"line":41,"column":60}},"1":{"start":{"line":42,"column":36},"end":{"line":42,"column":50}},"2":{"start":{"line":43,"column":28},"end":{"line":43,"column":56}},"3":{"start":{"line":46,"column":2},"end":{"line":136,"column":16}},"4":{"start":{"line":47,"column":4},"end":{"line":50,"column":5}},"5":{"start":{"line":48,"column":6},"end":{"line":48,"column":26}},"6":{"start":{"line":49,"column":6},"end":{"line":49,"column":13}},"7":{"start":{"line":52,"column":20},"end":{"line":52,"column":24}},"8":{"start":{"line":55,"column":6},"end":{"line":128,"column":7}},"9":{"start":{"line":56,"column":8},"end":{"line":56,"column":27}},"10":{"start":{"line":57,"column":8},"end":{"line":57,"column":23}},"11":{"start":{"line":59,"column":20},"end":{"line":59,"column":44}},"12":{"start":{"line":62,"column":44},"end":{"line":78,"column":28}},"13":{"start":{"line":80,"column":8},"end":{"line":80,"column":41}},"14":{"start":{"line":80,"column":24},"end":{"line":80,"column":41}},"15":{"start":{"line":82,"column":8},"end":{"line":82,"column":31}},"16":{"start":{"line":82,"column":24},"end":{"line":82,"column":31}},"17":{"start":{"line":85,"column":33},"end":{"line":111,"column":12}},"18":{"start":{"line":86,"column":28},"end":{"line":86,"column":66}},"19":{"start":{"line":88,"column":24},"end":{"line":96,"column":13}},"20":{"start":{"line":97,"column":27},"end":{"line":97,"column":47}},"21":{"start":{"line":99,"column":14},"end":{"line":100,"column":34}},"22":{"start":{"line":99,"column":35},"end":{"line":99,"column":56}},"23":{"start":{"line":101,"column":12},"end":{"line":110,"column":14}},"24":{"start":{"line":113,"column":8},"end":{"line":113,"column":27}},"25":{"start":{"line":116,"column":8},"end":{"line":118,"column":11}},"26":{"start":{"line":117,"column":10},"end":{"line":117,"column":59}},"27":{"start":{"line":117,"column":29},"end":{"line":117,"column":59}},"28":{"start":{"line":120,"column":8},"end":{"line":123,"column":9}},"29":{"start":{"line":121,"column":10},"end":{"line":121,"column":59}},"30":{"start":{"line":122,"column":10},"end":{"line":122,"column":89}},"31":{"start":{"line":125,"column":8},"end":{"line":127,"column":9}},"32":{"start":{"line":126,"column":10},"end":{"line":126,"column":30}},"33":{"start":{"line":131,"column":4},"end":{"line":131,"column":21}},"34":{"start":{"line":133,"column":4},"end":{"line":135,"column":6}},"35":{"start":{"line":134,"column":6},"end":{"line":134,"column":24}},"36":{"start":{"line":138,"column":25},"end":{"line":138,"column":79}},"37":{"start":{"line":138,"column":39},"end":{"line":138,"column":65}},"38":{"start":{"line":138,"column":60},"end":{"line":138,"column":64}},"39":{"start":{"line":141,"column":20},"end":{"line":141,"column":45}},"40":{"start":{"line":142,"column":20},"end":{"line":142,"column":45}},"41":{"start":{"line":147,"column":64},"end":{"line":185,"column":39}},"42":{"start":{"line":148,"column":4},"end":{"line":150,"column":5}},"43":{"start":{"line":149,"column":6},"end":{"line":149,"column":79}},"44":{"start":{"line":153,"column":4},"end":{"line":160,"column":5}},"45":{"start":{"line":154,"column":25},"end":{"line":154,"column":83}},"46":{"start":{"line":154,"column":51},"end":{"line":154,"column":70}},"47":{"start":{"line":155,"column":6},"end":{"line":159,"column":8}},"48":{"start":{"line":157,"column":49},"end":{"line":157,"column":55}},"49":{"start":{"line":162,"column":19},"end":{"line":162,"column":53}},"50":{"start":{"line":165,"column":29},"end":{"line":168,"column":7}},"51":{"start":{"line":165,"column":53},"end":{"line":168,"column":5}},"52":{"start":{"line":171,"column":17},"end":{"line":173,"column":18}},"53":{"start":{"line":172,"column":22},"end":{"line":172,"column":47}},"54":{"start":{"line":176,"column":26},"end":{"line":176,"column":50}},"55":{"start":{"line":177,"column":21},"end":{"line":177,"column":62}},"56":{"start":{"line":177,"column":42},"end":{"line":177,"column":61}},"57":{"start":{"line":178,"column":21},"end":{"line":178,"column":53}},"58":{"start":{"line":180,"column":4},"end":{"line":184,"column":6}},"59":{"start":{"line":182,"column":45},"end":{"line":182,"column":51}},"60":{"start":{"line":187,"column":2},"end":{"line":195,"column":4}},"61":{"start":{"line":202,"column":28},"end":{"line":205,"column":17}},"62":{"start":{"line":206,"column":36},"end":{"line":206,"column":50}},"63":{"start":{"line":207,"column":38},"end":{"line":207,"column":49}},"64":{"start":{"line":209,"column":2},"end":{"line":266,"column":26}},"65":{"start":{"line":210,"column":4},"end":{"line":214,"column":5}},"66":{"start":{"line":211,"column":6},"end":{"line":211,"column":21}},"67":{"start":{"line":212,"column":6},"end":{"line":212,"column":26}},"68":{"start":{"line":213,"column":6},"end":{"line":213,"column":13}},"69":{"start":{"line":216,"column":20},"end":{"line":216,"column":24}},"70":{"start":{"line":219,"column":6},"end":{"line":258,"column":7}},"71":{"start":{"line":220,"column":8},"end":{"line":220,"column":27}},"72":{"start":{"line":222,"column":20},"end":{"line":222,"column":44}},"73":{"start":{"line":224,"column":32},"end":{"line":232,"column":24}},"74":{"start":{"line":234,"column":8},"end":{"line":234,"column":31}},"75":{"start":{"line":234,"column":19},"end":{"line":234,"column":31}},"76":{"start":{"line":236,"column":8},"end":{"line":236,"column":31}},"77":{"start":{"line":236,"column":24},"end":{"line":236,"column":31}},"78":{"start":{"line":238,"column":8},"end":{"line":248,"column":9}},"79":{"start":{"line":239,"column":10},"end":{"line":242,"column":13}},"80":{"start":{"line":244,"column":10},"end":{"line":247,"column":13}},"81":{"start":{"line":250,"column":8},"end":{"line":250,"column":56}},"82":{"start":{"line":251,"column":8},"end":{"line":253,"column":9}},"83":{"start":{"line":252,"column":10},"end":{"line":252,"column":53}},"84":{"start":{"line":255,"column":8},"end":{"line":257,"column":9}},"85":{"start":{"line":256,"column":10},"end":{"line":256,"column":30}},"86":{"start":{"line":261,"column":4},"end":{"line":261,"column":20}},"87":{"start":{"line":263,"column":4},"end":{"line":265,"column":6}},"88":{"start":{"line":264,"column":6},"end":{"line":264,"column":24}},"89":{"start":{"line":268,"column":18},"end":{"line":268,"column":68}},"90":{"start":{"line":268,"column":36},"end":{"line":268,"column":63}},"91":{"start":{"line":268,"column":57},"end":{"line":268,"column":62}},"92":{"start":{"line":270,"column":2},"end":{"line":270,"column":39}}},"fnMap":{"0":{"name":"useBoostBars","decl":{"start":{"line":37,"column":16},"end":{"line":37,"column":28}},"loc":{"start":{"line":40,"column":44},"end":{"line":196,"column":1}},"line":40},"1":{"name":"(anonymous_1)","decl":{"start":{"line":46,"column":12},"end":{"line":46,"column":13}},"loc":{"start":{"line":46,"column":18},"end":{"line":136,"column":3}},"line":46},"2":{"name":"fetchBoostBars","decl":{"start":{"line":54,"column":19},"end":{"line":54,"column":33}},"loc":{"start":{"line":54,"column":36},"end":{"line":129,"column":5}},"line":54},"3":{"name":"(anonymous_3)","decl":{"start":{"line":86,"column":18},"end":{"line":86,"column":19}},"loc":{"start":{"line":86,"column":28},"end":{"line":86,"column":66}},"line":86},"4":{"name":"(anonymous_4)","decl":{"start":{"line":87,"column":15},"end":{"line":87,"column":16}},"loc":{"start":{"line":87,"column":25},"end":{"line":111,"column":11}},"line":87},"5":{"name":"(anonymous_5)","decl":{"start":{"line":99,"column":26},"end":{"line":99,"column":27}},"loc":{"start":{"line":99,"column":35},"end":{"line":99,"column":56}},"line":99},"6":{"name":"(anonymous_6)","decl":{"start":{"line":116,"column":21},"end":{"line":116,"column":22}},"loc":{"start":{"line":116,"column":30},"end":{"line":118,"column":9}},"line":116},"7":{"name":"(anonymous_7)","decl":{"start":{"line":133,"column":11},"end":{"line":133,"column":12}},"loc":{"start":{"line":133,"column":17},"end":{"line":135,"column":5}},"line":133},"8":{"name":"(anonymous_8)","decl":{"start":{"line":138,"column":33},"end":{"line":138,"column":34}},"loc":{"start":{"line":138,"column":39},"end":{"line":138,"column":65}},"line":138},"9":{"name":"(anonymous_9)","decl":{"start":{"line":138,"column":53},"end":{"line":138,"column":54}},"loc":{"start":{"line":138,"column":60},"end":{"line":138,"column":64}},"line":138},"10":{"name":"(anonymous_10)","decl":{"start":{"line":147,"column":72},"end":{"line":147,"column":73}},"loc":{"start":{"line":147,"column":78},"end":{"line":185,"column":3}},"line":147},"11":{"name":"(anonymous_11)","decl":{"start":{"line":154,"column":45},"end":{"line":154,"column":46}},"loc":{"start":{"line":154,"column":51},"end":{"line":154,"column":70}},"line":154},"12":{"name":"(anonymous_12)","decl":{"start":{"line":157,"column":40},"end":{"line":157,"column":41}},"loc":{"start":{"line":157,"column":49},"end":{"line":157,"column":55}},"line":157},"13":{"name":"(anonymous_13)","decl":{"start":{"line":165,"column":43},"end":{"line":165,"column":44}},"loc":{"start":{"line":165,"column":53},"end":{"line":168,"column":5}},"line":165},"14":{"name":"(anonymous_14)","decl":{"start":{"line":172,"column":12},"end":{"line":172,"column":13}},"loc":{"start":{"line":172,"column":22},"end":{"line":172,"column":47}},"line":172},"15":{"name":"(anonymous_15)","decl":{"start":{"line":177,"column":36},"end":{"line":177,"column":37}},"loc":{"start":{"line":177,"column":42},"end":{"line":177,"column":61}},"line":177},"16":{"name":"(anonymous_16)","decl":{"start":{"line":182,"column":36},"end":{"line":182,"column":37}},"loc":{"start":{"line":182,"column":45},"end":{"line":182,"column":51}},"line":182},"17":{"name":"useBarBoost","decl":{"start":{"line":201,"column":16},"end":{"line":201,"column":27}},"loc":{"start":{"line":201,"column":50},"end":{"line":271,"column":1}},"line":201},"18":{"name":"(anonymous_18)","decl":{"start":{"line":209,"column":12},"end":{"line":209,"column":13}},"loc":{"start":{"line":209,"column":18},"end":{"line":266,"column":3}},"line":209},"19":{"name":"fetchBarBoost","decl":{"start":{"line":218,"column":19},"end":{"line":218,"column":32}},"loc":{"start":{"line":218,"column":35},"end":{"line":259,"column":5}},"line":218},"20":{"name":"(anonymous_20)","decl":{"start":{"line":263,"column":11},"end":{"line":263,"column":12}},"loc":{"start":{"line":263,"column":17},"end":{"line":265,"column":5}},"line":263},"21":{"name":"(anonymous_21)","decl":{"start":{"line":268,"column":30},"end":{"line":268,"column":31}},"loc":{"start":{"line":268,"column":36},"end":{"line":268,"column":63}},"line":268},"22":{"name":"(anonymous_22)","decl":{"start":{"line":268,"column":50},"end":{"line":268,"column":51}},"loc":{"start":{"line":268,"column":57},"end":{"line":268,"column":62}},"line":268}},"branchMap":{"0":{"loc":{"start":{"line":39,"column":2},"end":{"line":39,"column":16}},"type":"default-arg","locations":[{"start":{"line":39,"column":12},"end":{"line":39,"column":16}}],"line":39},"1":{"loc":{"start":{"line":47,"column":4},"end":{"line":50,"column":5}},"type":"if","locations":[{"start":{"line":47,"column":4},"end":{"line":50,"column":5}},{"start":{},"end":{}}],"line":47},"2":{"loc":{"start":{"line":80,"column":8},"end":{"line":80,"column":41}},"type":"if","locations":[{"start":{"line":80,"column":8},"end":{"line":80,"column":41}},{"start":{},"end":{}}],"line":80},"3":{"loc":{"start":{"line":82,"column":8},"end":{"line":82,"column":31}},"type":"if","locations":[{"start":{"line":82,"column":8},"end":{"line":82,"column":31}},{"start":{},"end":{}}],"line":82},"4":{"loc":{"start":{"line":85,"column":34},"end":{"line":85,"column":44}},"type":"binary-expr","locations":[{"start":{"line":85,"column":34},"end":{"line":85,"column":38}},{"start":{"line":85,"column":42},"end":{"line":85,"column":44}}],"line":85},"5":{"loc":{"start":{"line":86,"column":28},"end":{"line":86,"column":66}},"type":"binary-expr","locations":[{"start":{"line":86,"column":28},"end":{"line":86,"column":37}},{"start":{"line":86,"column":41},"end":{"line":86,"column":66}}],"line":86},"6":{"loc":{"start":{"line":97,"column":27},"end":{"line":97,"column":47}},"type":"binary-expr","locations":[{"start":{"line":97,"column":27},"end":{"line":97,"column":41}},{"start":{"line":97,"column":45},"end":{"line":97,"column":47}}],"line":97},"7":{"loc":{"start":{"line":99,"column":14},"end":{"line":100,"column":34}},"type":"binary-expr","locations":[{"start":{"line":99,"column":14},"end":{"line":99,"column":68}},{"start":{"line":100,"column":14},"end":{"line":100,"column":34}}],"line":99},"8":{"loc":{"start":{"line":117,"column":10},"end":{"line":117,"column":59}},"type":"if","locations":[{"start":{"line":117,"column":10},"end":{"line":117,"column":59}},{"start":{},"end":{}}],"line":117},"9":{"loc":{"start":{"line":120,"column":8},"end":{"line":123,"column":9}},"type":"if","locations":[{"start":{"line":120,"column":8},"end":{"line":123,"column":9}},{"start":{},"end":{}}],"line":120},"10":{"loc":{"start":{"line":122,"column":19},"end":{"line":122,"column":87}},"type":"cond-expr","locations":[{"start":{"line":122,"column":42},"end":{"line":122,"column":45}},{"start":{"line":122,"column":48},"end":{"line":122,"column":87}}],"line":122},"11":{"loc":{"start":{"line":125,"column":8},"end":{"line":127,"column":9}},"type":"if","locations":[{"start":{"line":125,"column":8},"end":{"line":127,"column":9}},{"start":{},"end":{}}],"line":125},"12":{"loc":{"start":{"line":141,"column":20},"end":{"line":141,"column":45}},"type":"binary-expr","locations":[{"start":{"line":141,"column":20},"end":{"line":141,"column":37}},{"start":{"line":141,"column":41},"end":{"line":141,"column":45}}],"line":141},"13":{"loc":{"start":{"line":142,"column":20},"end":{"line":142,"column":45}},"type":"binary-expr","locations":[{"start":{"line":142,"column":20},"end":{"line":142,"column":37}},{"start":{"line":142,"column":41},"end":{"line":142,"column":45}}],"line":142},"14":{"loc":{"start":{"line":148,"column":4},"end":{"line":150,"column":5}},"type":"if","locations":[{"start":{"line":148,"column":4},"end":{"line":150,"column":5}},{"start":{},"end":{}}],"line":148},"15":{"loc":{"start":{"line":153,"column":4},"end":{"line":160,"column":5}},"type":"if","locations":[{"start":{"line":153,"column":4},"end":{"line":160,"column":5}},{"start":{},"end":{}}],"line":153},"16":{"loc":{"start":{"line":153,"column":8},"end":{"line":153,"column":48}},"type":"binary-expr","locations":[{"start":{"line":153,"column":8},"end":{"line":153,"column":26}},{"start":{"line":153,"column":30},"end":{"line":153,"column":48}}],"line":153},"17":{"loc":{"start":{"line":210,"column":4},"end":{"line":214,"column":5}},"type":"if","locations":[{"start":{"line":210,"column":4},"end":{"line":214,"column":5}},{"start":{},"end":{}}],"line":210},"18":{"loc":{"start":{"line":234,"column":8},"end":{"line":234,"column":31}},"type":"if","locations":[{"start":{"line":234,"column":8},"end":{"line":234,"column":31}},{"start":{},"end":{}}],"line":234},"19":{"loc":{"start":{"line":236,"column":8},"end":{"line":236,"column":31}},"type":"if","locations":[{"start":{"line":236,"column":8},"end":{"line":236,"column":31}},{"start":{},"end":{}}],"line":236},"20":{"loc":{"start":{"line":238,"column":8},"end":{"line":248,"column":9}},"type":"if","locations":[{"start":{"line":238,"column":8},"end":{"line":248,"column":9}},{"start":{"line":243,"column":15},"end":{"line":248,"column":9}}],"line":238},"21":{"loc":{"start":{"line":251,"column":8},"end":{"line":253,"column":9}},"type":"if","locations":[{"start":{"line":251,"column":8},"end":{"line":253,"column":9}},{"start":{},"end":{}}],"line":251},"22":{"loc":{"start":{"line":255,"column":8},"end":{"line":257,"column":9}},"type":"if","locations":[{"start":{"line":255,"column":8},"end":{"line":257,"column":9}},{"start":{},"end":{}}],"line":255}},"s":{"0":0,"1":0,"2":0,"3":0,"4":0,"5":0,"6":0,"7":0,"8":0,"9":0,"10":0,"11":0,"12":0,"13":0,"14":0,"15":0,"16":0,"17":0,"18":0,"19":0,"20":0,"21":0,"22":0,"23":0,"24":0,"25":0,"26":0,"27":0,"28":0,"29":0,"30":0,"31":0,"32":0,"33":0,"34":0,"35":0,"36":0,"37":0,"38":0,"39":0,"40":0,"41":0,"42":0,"43":0,"44":0,"45":0,"46":0,"47":0,"48":0,"49":0,"50":0,"51":0,"52":0,"53":0,"54":0,"55":0,"56":0,"57":0,"58":0,"59":0,"60":0,"61":0,"62":0,"63":0,"64":0,"65":0,"66":0,"67":0,"68":0,"69":0,"70":0,"71":0,"72":0,"73":0,"74":0,"75":0,"76":0,"77":0,"78":0,"79":0,"80":0,"81":0,"82":0,"83":0,"84":0,"85":0,"86":0,"87":0,"88":0,"89":0,"90":0,"91":0,"92":0},"f":{"0":0,"1":0,"2":0,"3":0,"4":0,"5":0,"6":0,"7":0,"8":0,"9":0,"10":0,"11":0,"12":0,"13":0,"14":0,"15":0,"16":0,"17":0,"18":0,"19":0,"20":0,"21":0,"22":0},"b":{"0":[0],"1":[0,0],"2":[0,0],"3":[0,0],"4":[0,0],"5":[0,0],"6":[0,0],"7":[0,0],"8":[0,0],"9":[0,0],"10":[0,0],"11":[0,0],"12":[0,0],"13":[0,0],"14":[0,0],"15":[0,0],"16":[0,0],"17":[0,0],"18":[0,0],"19":[0,0],"20":[0,0],"21":[0,0],"22":[0,0]}}
,"/Users/roger.gost/Documents/repos/MatchMap/hooks/useCategories.ts": {"path":"/Users/roger.gost/Documents/repos/MatchMap/hooks/useCategories.ts","statementMap":{"0":{"start":{"line":6,"column":43},"end":{"line":15,"column":1}},"1":{"start":{"line":17,"column":29},"end":{"line":70,"column":1}},"2":{"start":{"line":18,"column":38},"end":{"line":18,"column":65}},"3":{"start":{"line":19,"column":32},"end":{"line":19,"column":46}},"4":{"start":{"line":20,"column":28},"end":{"line":20,"column":57}},"5":{"start":{"line":21,"column":44},"end":{"line":21,"column":59}},"6":{"start":{"line":23,"column":26},"end":{"line":57,"column":8}},"7":{"start":{"line":24,"column":4},"end":{"line":56,"column":5}},"8":{"start":{"line":25,"column":6},"end":{"line":25,"column":23}},"9":{"start":{"line":26,"column":6},"end":{"line":26,"column":21}},"10":{"start":{"line":27,"column":6},"end":{"line":27,"column":30}},"11":{"start":{"line":30,"column":30},"end":{"line":33,"column":22}},"12":{"start":{"line":35,"column":6},"end":{"line":38,"column":7}},"13":{"start":{"line":36,"column":8},"end":{"line":36,"column":59}},"14":{"start":{"line":37,"column":8},"end":{"line":37,"column":72}},"15":{"start":{"line":40,"column":6},"end":{"line":48,"column":7}},"16":{"start":{"line":41,"column":8},"end":{"line":41,"column":80}},"17":{"start":{"line":42,"column":8},"end":{"line":42,"column":28}},"18":{"start":{"line":43,"column":8},"end":{"line":43,"column":32}},"19":{"start":{"line":45,"column":8},"end":{"line":45,"column":62}},"20":{"start":{"line":46,"column":8},"end":{"line":46,"column":43}},"21":{"start":{"line":47,"column":8},"end":{"line":47,"column":31}},"22":{"start":{"line":50,"column":6},"end":{"line":50,"column":57}},"23":{"start":{"line":51,"column":6},"end":{"line":51,"column":73}},"24":{"start":{"line":52,"column":6},"end":{"line":52,"column":41}},"25":{"start":{"line":53,"column":6},"end":{"line":53,"column":29}},"26":{"start":{"line":55,"column":6},"end":{"line":55,"column":24}},"27":{"start":{"line":59,"column":2},"end":{"line":61,"column":24}},"28":{"start":{"line":60,"column":4},"end":{"line":60,"column":22}},"29":{"start":{"line":63,"column":2},"end":{"line":69,"column":4}}},"fnMap":{"0":{"name":"(anonymous_0)","decl":{"start":{"line":17,"column":29},"end":{"line":17,"column":30}},"loc":{"start":{"line":17,"column":35},"end":{"line":70,"column":1}},"line":17},"1":{"name":"(anonymous_1)","decl":{"start":{"line":23,"column":38},"end":{"line":23,"column":39}},"loc":{"start":{"line":23,"column":50},"end":{"line":57,"column":3}},"line":23},"2":{"name":"(anonymous_2)","decl":{"start":{"line":59,"column":12},"end":{"line":59,"column":13}},"loc":{"start":{"line":59,"column":18},"end":{"line":61,"column":3}},"line":59}},"branchMap":{"0":{"loc":{"start":{"line":35,"column":6},"end":{"line":38,"column":7}},"type":"if","locations":[{"start":{"line":35,"column":6},"end":{"line":38,"column":7}},{"start":{},"end":{}}],"line":35},"1":{"loc":{"start":{"line":40,"column":6},"end":{"line":48,"column":7}},"type":"if","locations":[{"start":{"line":40,"column":6},"end":{"line":48,"column":7}},{"start":{"line":44,"column":13},"end":{"line":48,"column":7}}],"line":40},"2":{"loc":{"start":{"line":40,"column":10},"end":{"line":40,"column":33}},"type":"binary-expr","locations":[{"start":{"line":40,"column":10},"end":{"line":40,"column":14}},{"start":{"line":40,"column":18},"end":{"line":40,"column":33}}],"line":40},"3":{"loc":{"start":{"line":51,"column":15},"end":{"line":51,"column":71}},"type":"cond-expr","locations":[{"start":{"line":51,"column":40},"end":{"line":51,"column":53}},{"start":{"line":51,"column":56},"end":{"line":51,"column":71}}],"line":51}},"s":{"0":0,"1":0,"2":0,"3":0,"4":0,"5":0,"6":0,"7":0,"8":0,"9":0,"10":0,"11":0,"12":0,"13":0,"14":0,"15":0,"16":0,"17":0,"18":0,"19":0,"20":0,"21":0,"22":0,"23":0,"24":0,"25":0,"26":0,"27":0,"28":0,"29":0},"f":{"0":0,"1":0,"2":0},"b":{"0":[0,0],"1":[0,0],"2":[0,0],"3":[0,0]}}
,"/Users/roger.gost/Documents/repos/MatchMap/hooks/useCountdown.ts": {"path":"/Users/roger.gost/Documents/repos/MatchMap/hooks/useCountdown.ts","statementMap":{"0":{"start":{"line":18,"column":36},"end":{"line":20,"column":3}},"1":{"start":{"line":19,"column":4},"end":{"line":19,"column":29}},"2":{"start":{"line":21,"column":22},"end":{"line":21,"column":83}},"3":{"start":{"line":23,"column":2},"end":{"line":48,"column":14}},"4":{"start":{"line":24,"column":4},"end":{"line":27,"column":5}},"5":{"start":{"line":25,"column":6},"end":{"line":25,"column":98}},"6":{"start":{"line":26,"column":6},"end":{"line":26,"column":13}},"7":{"start":{"line":30,"column":4},"end":{"line":30,"column":44}},"8":{"start":{"line":33,"column":4},"end":{"line":41,"column":13}},"9":{"start":{"line":34,"column":27},"end":{"line":34,"column":52}},"10":{"start":{"line":35,"column":6},"end":{"line":35,"column":33}},"11":{"start":{"line":38,"column":6},"end":{"line":40,"column":7}},"12":{"start":{"line":39,"column":8},"end":{"line":39,"column":43}},"13":{"start":{"line":43,"column":4},"end":{"line":47,"column":6}},"14":{"start":{"line":44,"column":6},"end":{"line":46,"column":7}},"15":{"start":{"line":45,"column":8},"end":{"line":45,"column":43}},"16":{"start":{"line":50,"column":2},"end":{"line":50,"column":19}},"17":{"start":{"line":54,"column":2},"end":{"line":56,"column":3}},"18":{"start":{"line":55,"column":4},"end":{"line":55,"column":89}},"19":{"start":{"line":58,"column":18},"end":{"line":58,"column":69}},"20":{"start":{"line":59,"column":14},"end":{"line":59,"column":24}},"21":{"start":{"line":60,"column":17},"end":{"line":60,"column":50}},"22":{"start":{"line":62,"column":2},"end":{"line":64,"column":3}},"23":{"start":{"line":63,"column":4},"end":{"line":63,"column":89}},"24":{"start":{"line":66,"column":23},"end":{"line":66,"column":48}},"25":{"start":{"line":67,"column":15},"end":{"line":67,"column":47}},"26":{"start":{"line":68,"column":16},"end":{"line":68,"column":57}},"27":{"start":{"line":69,"column":18},"end":{"line":69,"column":56}},"28":{"start":{"line":70,"column":18},"end":{"line":70,"column":35}},"29":{"start":{"line":72,"column":2},"end":{"line":79,"column":4}},"30":{"start":{"line":86,"column":53},"end":{"line":86,"column":62}},"31":{"start":{"line":88,"column":2},"end":{"line":88,"column":33}},"32":{"start":{"line":88,"column":15},"end":{"line":88,"column":33}},"33":{"start":{"line":90,"column":26},"end":{"line":90,"column":28}},"34":{"start":{"line":92,"column":2},"end":{"line":92,"column":39}},"35":{"start":{"line":92,"column":16},"end":{"line":92,"column":39}},"36":{"start":{"line":93,"column":2},"end":{"line":93,"column":131}},"37":{"start":{"line":95,"column":2},"end":{"line":95,"column":25}}},"fnMap":{"0":{"name":"useCountdown","decl":{"start":{"line":17,"column":16},"end":{"line":17,"column":28}},"loc":{"start":{"line":17,"column":85},"end":{"line":51,"column":1}},"line":17},"1":{"name":"(anonymous_1)","decl":{"start":{"line":18,"column":60},"end":{"line":18,"column":61}},"loc":{"start":{"line":19,"column":4},"end":{"line":19,"column":29}},"line":19},"2":{"name":"(anonymous_2)","decl":{"start":{"line":23,"column":12},"end":{"line":23,"column":13}},"loc":{"start":{"line":23,"column":18},"end":{"line":48,"column":3}},"line":23},"3":{"name":"(anonymous_3)","decl":{"start":{"line":33,"column":38},"end":{"line":33,"column":39}},"loc":{"start":{"line":33,"column":44},"end":{"line":41,"column":5}},"line":33},"4":{"name":"(anonymous_4)","decl":{"start":{"line":43,"column":11},"end":{"line":43,"column":12}},"loc":{"start":{"line":43,"column":17},"end":{"line":47,"column":5}},"line":43},"5":{"name":"calculateCountdown","decl":{"start":{"line":53,"column":9},"end":{"line":53,"column":27}},"loc":{"start":{"line":53,"column":84},"end":{"line":80,"column":1}},"line":53},"6":{"name":"formatCountdown","decl":{"start":{"line":85,"column":16},"end":{"line":85,"column":31}},"loc":{"start":{"line":85,"column":66},"end":{"line":96,"column":1}},"line":85}},"branchMap":{"0":{"loc":{"start":{"line":24,"column":4},"end":{"line":27,"column":5}},"type":"if","locations":[{"start":{"line":24,"column":4},"end":{"line":27,"column":5}},{"start":{},"end":{}}],"line":24},"1":{"loc":{"start":{"line":38,"column":6},"end":{"line":40,"column":7}},"type":"if","locations":[{"start":{"line":38,"column":6},"end":{"line":40,"column":7}},{"start":{},"end":{}}],"line":38},"2":{"loc":{"start":{"line":38,"column":10},"end":{"line":38,"column":53}},"type":"binary-expr","locations":[{"start":{"line":38,"column":10},"end":{"line":38,"column":30}},{"start":{"line":38,"column":34},"end":{"line":38,"column":53}}],"line":38},"3":{"loc":{"start":{"line":44,"column":6},"end":{"line":46,"column":7}},"type":"if","locations":[{"start":{"line":44,"column":6},"end":{"line":46,"column":7}},{"start":{},"end":{}}],"line":44},"4":{"loc":{"start":{"line":54,"column":2},"end":{"line":56,"column":3}},"type":"if","locations":[{"start":{"line":54,"column":2},"end":{"line":56,"column":3}},{"start":{},"end":{}}],"line":54},"5":{"loc":{"start":{"line":58,"column":18},"end":{"line":58,"column":69}},"type":"cond-expr","locations":[{"start":{"line":58,"column":46},"end":{"line":58,"column":61}},{"start":{"line":58,"column":64},"end":{"line":58,"column":69}}],"line":58},"6":{"loc":{"start":{"line":62,"column":2},"end":{"line":64,"column":3}},"type":"if","locations":[{"start":{"line":62,"column":2},"end":{"line":64,"column":3}},{"start":{},"end":{}}],"line":62},"7":{"loc":{"start":{"line":88,"column":2},"end":{"line":88,"column":33}},"type":"if","locations":[{"start":{"line":88,"column":2},"end":{"line":88,"column":33}},{"start":{},"end":{}}],"line":88},"8":{"loc":{"start":{"line":92,"column":2},"end":{"line":92,"column":39}},"type":"if","locations":[{"start":{"line":92,"column":2},"end":{"line":92,"column":39}},{"start":{},"end":{}}],"line":92}},"s":{"0":0,"1":0,"2":0,"3":0,"4":0,"5":0,"6":0,"7":0,"8":0,"9":0,"10":0,"11":0,"12":0,"13":0,"14":0,"15":0,"16":0,"17":0,"18":0,"19":0,"20":0,"21":0,"22":0,"23":0,"24":0,"25":0,"26":0,"27":0,"28":0,"29":0,"30":0,"31":0,"32":0,"33":0,"34":0,"35":0,"36":0,"37":0},"f":{"0":0,"1":0,"2":0,"3":0,"4":0,"5":0,"6":0},"b":{"0":[0,0],"1":[0,0],"2":[0,0],"3":[0,0],"4":[0,0],"5":[0,0],"6":[0,0],"7":[0,0],"8":[0,0]}}
,"/Users/roger.gost/Documents/repos/MatchMap/hooks/useFavorites.ts": {"path":"/Users/roger.gost/Documents/repos/MatchMap/hooks/useFavorites.ts","statementMap":{"0":{"start":{"line":4,"column":28},"end":{"line":153,"column":1}},"1":{"start":{"line":5,"column":26},"end":{"line":5,"column":45}},"2":{"start":{"line":6,"column":32},"end":{"line":6,"column":46}},"3":{"start":{"line":9,"column":2},"end":{"line":16,"column":9}},"4":{"start":{"line":10,"column":20},"end":{"line":14,"column":5}},"5":{"start":{"line":11,"column":43},"end":{"line":11,"column":72}},"6":{"start":{"line":12,"column":6},"end":{"line":12,"column":24}},"7":{"start":{"line":13,"column":6},"end":{"line":13,"column":24}},"8":{"start":{"line":15,"column":4},"end":{"line":15,"column":14}},"9":{"start":{"line":19,"column":21},"end":{"line":40,"column":12}},"10":{"start":{"line":20,"column":4},"end":{"line":20,"column":28}},"11":{"start":{"line":20,"column":15},"end":{"line":20,"column":28}},"12":{"start":{"line":22,"column":4},"end":{"line":39,"column":5}},"13":{"start":{"line":23,"column":30},"end":{"line":28,"column":22}},"14":{"start":{"line":30,"column":6},"end":{"line":33,"column":7}},"15":{"start":{"line":31,"column":8},"end":{"line":31,"column":59}},"16":{"start":{"line":32,"column":8},"end":{"line":32,"column":21}},"17":{"start":{"line":35,"column":6},"end":{"line":35,"column":20}},"18":{"start":{"line":37,"column":6},"end":{"line":37,"column":53}},"19":{"start":{"line":38,"column":6},"end":{"line":38,"column":19}},"20":{"start":{"line":43,"column":25},"end":{"line":65,"column":12}},"21":{"start":{"line":44,"column":4},"end":{"line":47,"column":5}},"22":{"start":{"line":45,"column":6},"end":{"line":45,"column":39}},"23":{"start":{"line":46,"column":6},"end":{"line":46,"column":19}},"24":{"start":{"line":49,"column":4},"end":{"line":64,"column":5}},"25":{"start":{"line":50,"column":24},"end":{"line":52,"column":52}},"26":{"start":{"line":54,"column":6},"end":{"line":57,"column":7}},"27":{"start":{"line":55,"column":8},"end":{"line":55,"column":57}},"28":{"start":{"line":56,"column":8},"end":{"line":56,"column":21}},"29":{"start":{"line":59,"column":6},"end":{"line":59,"column":46}},"30":{"start":{"line":60,"column":6},"end":{"line":60,"column":18}},"31":{"start":{"line":62,"column":6},"end":{"line":62,"column":57}},"32":{"start":{"line":63,"column":6},"end":{"line":63,"column":19}},"33":{"start":{"line":68,"column":30},"end":{"line":92,"column":12}},"34":{"start":{"line":69,"column":4},"end":{"line":72,"column":5}},"35":{"start":{"line":70,"column":6},"end":{"line":70,"column":39}},"36":{"start":{"line":71,"column":6},"end":{"line":71,"column":19}},"37":{"start":{"line":74,"column":4},"end":{"line":91,"column":5}},"38":{"start":{"line":75,"column":24},"end":{"line":79,"column":28}},"39":{"start":{"line":81,"column":6},"end":{"line":84,"column":7}},"40":{"start":{"line":82,"column":8},"end":{"line":82,"column":59}},"41":{"start":{"line":83,"column":8},"end":{"line":83,"column":21}},"42":{"start":{"line":86,"column":6},"end":{"line":86,"column":52}},"43":{"start":{"line":87,"column":6},"end":{"line":87,"column":18}},"44":{"start":{"line":89,"column":6},"end":{"line":89,"column":62}},"45":{"start":{"line":90,"column":6},"end":{"line":90,"column":19}},"46":{"start":{"line":95,"column":25},"end":{"line":103,"column":55}},"47":{"start":{"line":96,"column":18},"end":{"line":96,"column":41}},"48":{"start":{"line":98,"column":4},"end":{"line":102,"column":5}},"49":{"start":{"line":99,"column":6},"end":{"line":99,"column":46}},"50":{"start":{"line":101,"column":6},"end":{"line":101,"column":41}},"51":{"start":{"line":106,"column":26},"end":{"line":142,"column":12}},"52":{"start":{"line":107,"column":4},"end":{"line":107,"column":25}},"53":{"start":{"line":107,"column":15},"end":{"line":107,"column":25}},"54":{"start":{"line":109,"column":4},"end":{"line":141,"column":5}},"55":{"start":{"line":110,"column":30},"end":{"line":125,"column":31}},"56":{"start":{"line":127,"column":6},"end":{"line":130,"column":7}},"57":{"start":{"line":128,"column":8},"end":{"line":128,"column":60}},"58":{"start":{"line":129,"column":8},"end":{"line":129,"column":18}},"59":{"start":{"line":132,"column":6},"end":{"line":137,"column":16}},"60":{"start":{"line":132,"column":32},"end":{"line":137,"column":7}},"61":{"start":{"line":135,"column":31},"end":{"line":135,"column":52}},"62":{"start":{"line":139,"column":6},"end":{"line":139,"column":58}},"63":{"start":{"line":140,"column":6},"end":{"line":140,"column":16}},"64":{"start":{"line":144,"column":2},"end":{"line":152,"column":4}}},"fnMap":{"0":{"name":"(anonymous_0)","decl":{"start":{"line":4,"column":28},"end":{"line":4,"column":29}},"loc":{"start":{"line":4,"column":34},"end":{"line":153,"column":1}},"line":4},"1":{"name":"(anonymous_1)","decl":{"start":{"line":9,"column":12},"end":{"line":9,"column":13}},"loc":{"start":{"line":9,"column":18},"end":{"line":16,"column":3}},"line":9},"2":{"name":"(anonymous_2)","decl":{"start":{"line":10,"column":20},"end":{"line":10,"column":21}},"loc":{"start":{"line":10,"column":32},"end":{"line":14,"column":5}},"line":10},"3":{"name":"(anonymous_3)","decl":{"start":{"line":19,"column":33},"end":{"line":19,"column":34}},"loc":{"start":{"line":19,"column":76},"end":{"line":40,"column":3}},"line":19},"4":{"name":"(anonymous_4)","decl":{"start":{"line":43,"column":37},"end":{"line":43,"column":38}},"loc":{"start":{"line":43,"column":80},"end":{"line":65,"column":3}},"line":43},"5":{"name":"(anonymous_5)","decl":{"start":{"line":68,"column":42},"end":{"line":68,"column":43}},"loc":{"start":{"line":68,"column":85},"end":{"line":92,"column":3}},"line":68},"6":{"name":"(anonymous_6)","decl":{"start":{"line":95,"column":37},"end":{"line":95,"column":38}},"loc":{"start":{"line":95,"column":80},"end":{"line":103,"column":3}},"line":95},"7":{"name":"(anonymous_7)","decl":{"start":{"line":106,"column":38},"end":{"line":106,"column":39}},"loc":{"start":{"line":106,"column":50},"end":{"line":142,"column":3}},"line":106},"8":{"name":"(anonymous_8)","decl":{"start":{"line":132,"column":23},"end":{"line":132,"column":24}},"loc":{"start":{"line":132,"column":32},"end":{"line":137,"column":7}},"line":132},"9":{"name":"(anonymous_9)","decl":{"start":{"line":135,"column":17},"end":{"line":135,"column":18}},"loc":{"start":{"line":135,"column":31},"end":{"line":135,"column":52}},"line":135}},"branchMap":{"0":{"loc":{"start":{"line":20,"column":4},"end":{"line":20,"column":28}},"type":"if","locations":[{"start":{"line":20,"column":4},"end":{"line":20,"column":28}},{"start":{},"end":{}}],"line":20},"1":{"loc":{"start":{"line":30,"column":6},"end":{"line":33,"column":7}},"type":"if","locations":[{"start":{"line":30,"column":6},"end":{"line":33,"column":7}},{"start":{},"end":{}}],"line":30},"2":{"loc":{"start":{"line":44,"column":4},"end":{"line":47,"column":5}},"type":"if","locations":[{"start":{"line":44,"column":4},"end":{"line":47,"column":5}},{"start":{},"end":{}}],"line":44},"3":{"loc":{"start":{"line":54,"column":6},"end":{"line":57,"column":7}},"type":"if","locations":[{"start":{"line":54,"column":6},"end":{"line":57,"column":7}},{"start":{},"end":{}}],"line":54},"4":{"loc":{"start":{"line":69,"column":4},"end":{"line":72,"column":5}},"type":"if","locations":[{"start":{"line":69,"column":4},"end":{"line":72,"column":5}},{"start":{},"end":{}}],"line":69},"5":{"loc":{"start":{"line":81,"column":6},"end":{"line":84,"column":7}},"type":"if","locations":[{"start":{"line":81,"column":6},"end":{"line":84,"column":7}},{"start":{},"end":{}}],"line":81},"6":{"loc":{"start":{"line":98,"column":4},"end":{"line":102,"column":5}},"type":"if","locations":[{"start":{"line":98,"column":4},"end":{"line":102,"column":5}},{"start":{"line":100,"column":11},"end":{"line":102,"column":5}}],"line":98},"7":{"loc":{"start":{"line":107,"column":4},"end":{"line":107,"column":25}},"type":"if","locations":[{"start":{"line":107,"column":4},"end":{"line":107,"column":25}},{"start":{},"end":{}}],"line":107},"8":{"loc":{"start":{"line":127,"column":6},"end":{"line":130,"column":7}},"type":"if","locations":[{"start":{"line":127,"column":6},"end":{"line":130,"column":7}},{"start":{},"end":{}}],"line":127},"9":{"loc":{"start":{"line":132,"column":13},"end":{"line":137,"column":15}},"type":"binary-expr","locations":[{"start":{"line":132,"column":13},"end":{"line":137,"column":9}},{"start":{"line":137,"column":13},"end":{"line":137,"column":15}}],"line":132},"10":{"loc":{"start":{"line":134,"column":19},"end":{"line":136,"column":63}},"type":"binary-expr","locations":[{"start":{"line":134,"column":19},"end":{"line":135,"column":64}},{"start":{"line":136,"column":10},"end":{"line":136,"column":55}},{"start":{"line":136,"column":59},"end":{"line":136,"column":63}}],"line":134}},"s":{"0":0,"1":0,"2":0,"3":0,"4":0,"5":0,"6":0,"7":0,"8":0,"9":0,"10":0,"11":0,"12":0,"13":0,"14":0,"15":0,"16":0,"17":0,"18":0,"19":0,"20":0,"21":0,"22":0,"23":0,"24":0,"25":0,"26":0,"27":0,"28":0,"29":0,"30":0,"31":0,"32":0,"33":0,"34":0,"35":0,"36":0,"37":0,"38":0,"39":0,"40":0,"41":0,"42":0,"43":0,"44":0,"45":0,"46":0,"47":0,"48":0,"49":0,"50":0,"51":0,"52":0,"53":0,"54":0,"55":0,"56":0,"57":0,"58":0,"59":0,"60":0,"61":0,"62":0,"63":0,"64":0},"f":{"0":0,"1":0,"2":0,"3":0,"4":0,"5":0,"6":0,"7":0,"8":0,"9":0},"b":{"0":[0,0],"1":[0,0],"2":[0,0],"3":[0,0],"4":[0,0],"5":[0,0],"6":[0,0],"7":[0,0],"8":[0,0],"9":[0,0],"10":[0,0,0]}}
,"/Users/roger.gost/Documents/repos/MatchMap/hooks/useFilterData.ts": {"path":"/Users/roger.gost/Documents/repos/MatchMap/hooks/useFilterData.ts","statementMap":{"0":{"start":{"line":5,"column":25},"end":{"line":14,"column":1}},"1":{"start":{"line":6,"column":49},"end":{"line":12,"column":3}},"2":{"start":{"line":13,"column":2},"end":{"line":13,"column":35}},"3":{"start":{"line":16,"column":21},"end":{"line":30,"column":1}},"4":{"start":{"line":17,"column":45},"end":{"line":28,"column":3}},"5":{"start":{"line":29,"column":2},"end":{"line":29,"column":32}},"6":{"start":{"line":32,"column":24},"end":{"line":43,"column":1}},"7":{"start":{"line":33,"column":48},"end":{"line":41,"column":3}},"8":{"start":{"line":42,"column":2},"end":{"line":42,"column":33}},"9":{"start":{"line":45,"column":26},"end":{"line":57,"column":1}},"10":{"start":{"line":46,"column":50},"end":{"line":55,"column":3}},"11":{"start":{"line":56,"column":2},"end":{"line":56,"column":36}},"12":{"start":{"line":75,"column":28},"end":{"line":82,"column":1}},"13":{"start":{"line":84,"column":28},"end":{"line":95,"column":1}},"14":{"start":{"line":97,"column":26},"end":{"line":104,"column":1}},"15":{"start":{"line":106,"column":29},"end":{"line":115,"column":1}},"16":{"start":{"line":118,"column":44},"end":{"line":118,"column":87}},"17":{"start":{"line":119,"column":36},"end":{"line":119,"column":79}},"18":{"start":{"line":120,"column":40},"end":{"line":120,"column":81}},"19":{"start":{"line":121,"column":38},"end":{"line":121,"column":82}},"20":{"start":{"line":122,"column":32},"end":{"line":122,"column":47}},"21":{"start":{"line":123,"column":28},"end":{"line":123,"column":57}},"22":{"start":{"line":125,"column":2},"end":{"line":200,"column":9}},"23":{"start":{"line":126,"column":27},"end":{"line":197,"column":5}},"24":{"start":{"line":127,"column":6},"end":{"line":196,"column":7}},"25":{"start":{"line":128,"column":8},"end":{"line":128,"column":25}},"26":{"start":{"line":129,"column":8},"end":{"line":129,"column":23}},"27":{"start":{"line":137,"column":12},"end":{"line":142,"column":10}},"28":{"start":{"line":145,"column":28},"end":{"line":148,"column":83}},"29":{"start":{"line":150,"column":8},"end":{"line":184,"column":9}},"30":{"start":{"line":151,"column":10},"end":{"line":151,"column":48}},"31":{"start":{"line":152,"column":10},"end":{"line":152,"column":44}},"32":{"start":{"line":153,"column":10},"end":{"line":153,"column":44}},"33":{"start":{"line":154,"column":10},"end":{"line":154,"column":46}},"34":{"start":{"line":157,"column":39},"end":{"line":160,"column":13}},"35":{"start":{"line":157,"column":71},"end":{"line":160,"column":11}},"36":{"start":{"line":163,"column":38},"end":{"line":166,"column":13}},"37":{"start":{"line":163,"column":60},"end":{"line":166,"column":11}},"38":{"start":{"line":169,"column":37},"end":{"line":172,"column":13}},"39":{"start":{"line":169,"column":66},"end":{"line":172,"column":11}},"40":{"start":{"line":175,"column":39},"end":{"line":178,"column":13}},"41":{"start":{"line":175,"column":72},"end":{"line":178,"column":11}},"42":{"start":{"line":180,"column":10},"end":{"line":180,"column":49}},"43":{"start":{"line":181,"column":10},"end":{"line":181,"column":44}},"44":{"start":{"line":182,"column":10},"end":{"line":182,"column":45}},"45":{"start":{"line":183,"column":10},"end":{"line":183,"column":46}},"46":{"start":{"line":187,"column":8},"end":{"line":187,"column":60}},"47":{"start":{"line":188,"column":8},"end":{"line":188,"column":48}},"48":{"start":{"line":190,"column":8},"end":{"line":190,"column":46}},"49":{"start":{"line":191,"column":8},"end":{"line":191,"column":42}},"50":{"start":{"line":192,"column":8},"end":{"line":192,"column":42}},"51":{"start":{"line":193,"column":8},"end":{"line":193,"column":44}},"52":{"start":{"line":195,"column":8},"end":{"line":195,"column":26}},"53":{"start":{"line":199,"column":4},"end":{"line":199,"column":21}},"54":{"start":{"line":202,"column":2},"end":{"line":209,"column":4}}},"fnMap":{"0":{"name":"(anonymous_0)","decl":{"start":{"line":5,"column":25},"end":{"line":5,"column":26}},"loc":{"start":{"line":5,"column":51},"end":{"line":14,"column":1}},"line":5},"1":{"name":"(anonymous_1)","decl":{"start":{"line":16,"column":21},"end":{"line":16,"column":22}},"loc":{"start":{"line":16,"column":47},"end":{"line":30,"column":1}},"line":16},"2":{"name":"(anonymous_2)","decl":{"start":{"line":32,"column":24},"end":{"line":32,"column":25}},"loc":{"start":{"line":32,"column":50},"end":{"line":43,"column":1}},"line":32},"3":{"name":"(anonymous_3)","decl":{"start":{"line":45,"column":26},"end":{"line":45,"column":27}},"loc":{"start":{"line":45,"column":52},"end":{"line":57,"column":1}},"line":45},"4":{"name":"useFilterData","decl":{"start":{"line":117,"column":16},"end":{"line":117,"column":29}},"loc":{"start":{"line":117,"column":44},"end":{"line":210,"column":1}},"line":117},"5":{"name":"(anonymous_5)","decl":{"start":{"line":125,"column":12},"end":{"line":125,"column":13}},"loc":{"start":{"line":125,"column":18},"end":{"line":200,"column":3}},"line":125},"6":{"name":"(anonymous_6)","decl":{"start":{"line":126,"column":27},"end":{"line":126,"column":28}},"loc":{"start":{"line":126,"column":39},"end":{"line":197,"column":5}},"line":126},"7":{"name":"(anonymous_7)","decl":{"start":{"line":157,"column":58},"end":{"line":157,"column":59}},"loc":{"start":{"line":157,"column":71},"end":{"line":160,"column":11}},"line":157},"8":{"name":"(anonymous_8)","decl":{"start":{"line":163,"column":51},"end":{"line":163,"column":52}},"loc":{"start":{"line":163,"column":60},"end":{"line":166,"column":11}},"line":163},"9":{"name":"(anonymous_9)","decl":{"start":{"line":169,"column":54},"end":{"line":169,"column":55}},"loc":{"start":{"line":169,"column":66},"end":{"line":172,"column":11}},"line":169},"10":{"name":"(anonymous_10)","decl":{"start":{"line":175,"column":58},"end":{"line":175,"column":59}},"loc":{"start":{"line":175,"column":72},"end":{"line":178,"column":11}},"line":175}},"branchMap":{"0":{"loc":{"start":{"line":13,"column":9},"end":{"line":13,"column":34}},"type":"binary-expr","locations":[{"start":{"line":13,"column":9},"end":{"line":13,"column":26}},{"start":{"line":13,"column":30},"end":{"line":13,"column":34}}],"line":13},"1":{"loc":{"start":{"line":29,"column":9},"end":{"line":29,"column":31}},"type":"binary-expr","locations":[{"start":{"line":29,"column":9},"end":{"line":29,"column":22}},{"start":{"line":29,"column":26},"end":{"line":29,"column":31}}],"line":29},"2":{"loc":{"start":{"line":42,"column":9},"end":{"line":42,"column":32}},"type":"binary-expr","locations":[{"start":{"line":42,"column":9},"end":{"line":42,"column":25}},{"start":{"line":42,"column":29},"end":{"line":42,"column":32}}],"line":42},"3":{"loc":{"start":{"line":56,"column":9},"end":{"line":56,"column":35}},"type":"binary-expr","locations":[{"start":{"line":56,"column":9},"end":{"line":56,"column":27}},{"start":{"line":56,"column":31},"end":{"line":56,"column":35}}],"line":56},"4":{"loc":{"start":{"line":145,"column":28},"end":{"line":148,"column":83}},"type":"binary-expr","locations":[{"start":{"line":145,"column":28},"end":{"line":145,"column":43}},{"start":{"line":145,"column":47},"end":{"line":145,"column":56}},{"start":{"line":145,"column":60},"end":{"line":145,"column":73}},{"start":{"line":145,"column":77},"end":{"line":145,"column":92}},{"start":{"line":146,"column":27},"end":{"line":146,"column":42}},{"start":{"line":146,"column":46},"end":{"line":146,"column":55}},{"start":{"line":146,"column":59},"end":{"line":146,"column":72}},{"start":{"line":146,"column":76},"end":{"line":146,"column":91}},{"start":{"line":147,"column":27},"end":{"line":147,"column":54}},{"start":{"line":147,"column":58},"end":{"line":147,"column":79}},{"start":{"line":148,"column":27},"end":{"line":148,"column":52}},{"start":{"line":148,"column":56},"end":{"line":148,"column":83}}],"line":145},"5":{"loc":{"start":{"line":150,"column":8},"end":{"line":184,"column":9}},"type":"if","locations":[{"start":{"line":150,"column":8},"end":{"line":184,"column":9}},{"start":{"line":155,"column":15},"end":{"line":184,"column":9}}],"line":150}},"s":{"0":0,"1":0,"2":0,"3":0,"4":0,"5":0,"6":0,"7":0,"8":0,"9":0,"10":0,"11":0,"12":0,"13":0,"14":0,"15":0,"16":0,"17":0,"18":0,"19":0,"20":0,"21":0,"22":0,"23":0,"24":0,"25":0,"26":0,"27":0,"28":0,"29":0,"30":0,"31":0,"32":0,"33":0,"34":0,"35":0,"36":0,"37":0,"38":0,"39":0,"40":0,"41":0,"42":0,"43":0,"44":0,"45":0,"46":0,"47":0,"48":0,"49":0,"50":0,"51":0,"52":0,"53":0,"54":0},"f":{"0":0,"1":0,"2":0,"3":0,"4":0,"5":0,"6":0,"7":0,"8":0,"9":0,"10":0},"b":{"0":[0,0],"1":[0,0],"2":[0,0],"3":[0,0],"4":[0,0,0,0,0,0,0,0,0,0,0,0],"5":[0,0]}}
,"/Users/roger.gost/Documents/repos/MatchMap/hooks/useMapboxDirections.ts": {"path":"/Users/roger.gost/Documents/repos/MatchMap/hooks/useMapboxDirections.ts","statementMap":{"0":{"start":{"line":3,"column":28},"end":{"line":3,"column":171}},"1":{"start":{"line":47,"column":35},"end":{"line":151,"column":1}},"2":{"start":{"line":48,"column":32},"end":{"line":48,"column":47}},"3":{"start":{"line":49,"column":28},"end":{"line":49,"column":57}},"4":{"start":{"line":50,"column":36},"end":{"line":50,"column":68}},"5":{"start":{"line":51,"column":38},"end":{"line":51,"column":80}},"6":{"start":{"line":53,"column":24},"end":{"line":136,"column":8}},"7":{"start":{"line":58,"column":4},"end":{"line":58,"column":21}},"8":{"start":{"line":59,"column":4},"end":{"line":59,"column":19}},"9":{"start":{"line":61,"column":4},"end":{"line":135,"column":5}},"10":{"start":{"line":64,"column":31},"end":{"line":64,"column":120}},"11":{"start":{"line":67,"column":22},"end":{"line":67,"column":67}},"12":{"start":{"line":69,"column":18},"end":{"line":74,"column":45}},"13":{"start":{"line":76,"column":6},"end":{"line":76,"column":26}},"14":{"start":{"line":78,"column":6},"end":{"line":81,"column":9}},"15":{"start":{"line":83,"column":23},"end":{"line":83,"column":39}},"16":{"start":{"line":85,"column":6},"end":{"line":87,"column":7}},"17":{"start":{"line":86,"column":8},"end":{"line":86,"column":64}},"18":{"start":{"line":89,"column":39},"end":{"line":89,"column":60}},"19":{"start":{"line":91,"column":6},"end":{"line":93,"column":7}},"20":{"start":{"line":92,"column":8},"end":{"line":92,"column":55}},"21":{"start":{"line":95,"column":20},"end":{"line":95,"column":34}},"22":{"start":{"line":98,"column":26},"end":{"line":98,"column":52}},"23":{"start":{"line":101,"column":25},"end":{"line":101,"column":46}},"24":{"start":{"line":104,"column":26},"end":{"line":104,"column":45}},"25":{"start":{"line":107,"column":20},"end":{"line":110,"column":15}},"26":{"start":{"line":107,"column":54},"end":{"line":110,"column":7}},"27":{"start":{"line":112,"column":35},"end":{"line":117,"column":7}},"28":{"start":{"line":119,"column":6},"end":{"line":123,"column":9}},"29":{"start":{"line":125,"column":6},"end":{"line":125,"column":30}},"30":{"start":{"line":126,"column":6},"end":{"line":126,"column":23}},"31":{"start":{"line":129,"column":27},"end":{"line":129,"column":94}},"32":{"start":{"line":130,"column":6},"end":{"line":130,"column":57}},"33":{"start":{"line":131,"column":6},"end":{"line":131,"column":29}},"34":{"start":{"line":132,"column":6},"end":{"line":132,"column":18}},"35":{"start":{"line":134,"column":6},"end":{"line":134,"column":24}},"36":{"start":{"line":138,"column":21},"end":{"line":141,"column":8}},"37":{"start":{"line":139,"column":4},"end":{"line":139,"column":23}},"38":{"start":{"line":140,"column":4},"end":{"line":140,"column":19}},"39":{"start":{"line":143,"column":2},"end":{"line":150,"column":4}}},"fnMap":{"0":{"name":"(anonymous_0)","decl":{"start":{"line":47,"column":35},"end":{"line":47,"column":36}},"loc":{"start":{"line":47,"column":41},"end":{"line":151,"column":1}},"line":47},"1":{"name":"(anonymous_1)","decl":{"start":{"line":53,"column":36},"end":{"line":53,"column":37}},"loc":{"start":{"line":57,"column":34},"end":{"line":136,"column":3}},"line":57},"2":{"name":"(anonymous_2)","decl":{"start":{"line":107,"column":45},"end":{"line":107,"column":46}},"loc":{"start":{"line":107,"column":54},"end":{"line":110,"column":7}},"line":107},"3":{"name":"(anonymous_3)","decl":{"start":{"line":138,"column":33},"end":{"line":138,"column":34}},"loc":{"start":{"line":138,"column":39},"end":{"line":141,"column":3}},"line":138}},"branchMap":{"0":{"loc":{"start":{"line":3,"column":28},"end":{"line":3,"column":171}},"type":"binary-expr","locations":[{"start":{"line":3,"column":28},"end":{"line":3,"column":71}},{"start":{"line":3,"column":75},"end":{"line":3,"column":171}}],"line":3},"1":{"loc":{"start":{"line":56,"column":4},"end":{"line":56,"column":43}},"type":"default-arg","locations":[{"start":{"line":56,"column":34},"end":{"line":56,"column":43}}],"line":56},"2":{"loc":{"start":{"line":67,"column":22},"end":{"line":67,"column":67}},"type":"cond-expr","locations":[{"start":{"line":67,"column":43},"end":{"line":67,"column":60}},{"start":{"line":67,"column":63},"end":{"line":67,"column":67}}],"line":67},"3":{"loc":{"start":{"line":85,"column":6},"end":{"line":87,"column":7}},"type":"if","locations":[{"start":{"line":85,"column":6},"end":{"line":87,"column":7}},{"start":{},"end":{}}],"line":85},"4":{"loc":{"start":{"line":91,"column":6},"end":{"line":93,"column":7}},"type":"if","locations":[{"start":{"line":91,"column":6},"end":{"line":93,"column":7}},{"start":{},"end":{}}],"line":91},"5":{"loc":{"start":{"line":91,"column":10},"end":{"line":91,"column":50}},"type":"binary-expr","locations":[{"start":{"line":91,"column":10},"end":{"line":91,"column":22}},{"start":{"line":91,"column":26},"end":{"line":91,"column":50}}],"line":91},"6":{"loc":{"start":{"line":107,"column":20},"end":{"line":110,"column":15}},"type":"binary-expr","locations":[{"start":{"line":107,"column":20},"end":{"line":110,"column":9}},{"start":{"line":110,"column":13},"end":{"line":110,"column":15}}],"line":107},"7":{"loc":{"start":{"line":129,"column":27},"end":{"line":129,"column":94}},"type":"cond-expr","locations":[{"start":{"line":129,"column":50},"end":{"line":129,"column":61}},{"start":{"line":129,"column":64},"end":{"line":129,"column":94}}],"line":129}},"s":{"0":0,"1":0,"2":0,"3":0,"4":0,"5":0,"6":0,"7":0,"8":0,"9":0,"10":0,"11":0,"12":0,"13":0,"14":0,"15":0,"16":0,"17":0,"18":0,"19":0,"20":0,"21":0,"22":0,"23":0,"24":0,"25":0,"26":0,"27":0,"28":0,"29":0,"30":0,"31":0,"32":0,"33":0,"34":0,"35":0,"36":0,"37":0,"38":0,"39":0},"f":{"0":0,"1":0,"2":0,"3":0},"b":{"0":[0,0],"1":[0],"2":[0,0],"3":[0,0],"4":[0,0],"5":[0,0],"6":[0,0],"7":[0,0]}}
,"/Users/roger.gost/Documents/repos/MatchMap/hooks/useReviews.ts": {"path":"/Users/roger.gost/Documents/repos/MatchMap/hooks/useReviews.ts","statementMap":{"0":{"start":{"line":26,"column":26},"end":{"line":236,"column":1}},"1":{"start":{"line":27,"column":32},"end":{"line":27,"column":47}},"2":{"start":{"line":28,"column":28},"end":{"line":28,"column":57}},"3":{"start":{"line":31,"column":24},"end":{"line":56,"column":8}},"4":{"start":{"line":32,"column":4},"end":{"line":32,"column":21}},"5":{"start":{"line":33,"column":4},"end":{"line":33,"column":19}},"6":{"start":{"line":35,"column":4},"end":{"line":55,"column":5}},"7":{"start":{"line":36,"column":30},"end":{"line":40,"column":50}},"8":{"start":{"line":42,"column":6},"end":{"line":46,"column":7}},"9":{"start":{"line":43,"column":8},"end":{"line":43,"column":58}},"10":{"start":{"line":44,"column":8},"end":{"line":44,"column":43}},"11":{"start":{"line":45,"column":8},"end":{"line":45,"column":18}},"12":{"start":{"line":48,"column":6},"end":{"line":48,"column":24}},"13":{"start":{"line":50,"column":6},"end":{"line":50,"column":54}},"14":{"start":{"line":51,"column":6},"end":{"line":51,"column":41}},"15":{"start":{"line":52,"column":6},"end":{"line":52,"column":16}},"16":{"start":{"line":54,"column":6},"end":{"line":54,"column":24}},"17":{"start":{"line":59,"column":28},"end":{"line":105,"column":8}},"18":{"start":{"line":60,"column":4},"end":{"line":60,"column":21}},"19":{"start":{"line":61,"column":4},"end":{"line":61,"column":19}},"20":{"start":{"line":63,"column":4},"end":{"line":104,"column":5}},"21":{"start":{"line":64,"column":30},"end":{"line":67,"column":28}},"22":{"start":{"line":69,"column":6},"end":{"line":73,"column":7}},"23":{"start":{"line":70,"column":8},"end":{"line":70,"column":63}},"24":{"start":{"line":71,"column":8},"end":{"line":71,"column":53}},"25":{"start":{"line":72,"column":8},"end":{"line":72,"column":20}},"26":{"start":{"line":75,"column":6},"end":{"line":81,"column":7}},"27":{"start":{"line":76,"column":8},"end":{"line":80,"column":10}},"28":{"start":{"line":83,"column":27},"end":{"line":83,"column":38}},"29":{"start":{"line":84,"column":26},"end":{"line":84,"column":78}},"30":{"start":{"line":84,"column":55},"end":{"line":84,"column":74}},"31":{"start":{"line":85,"column":28},"end":{"line":85,"column":54}},"32":{"start":{"line":88,"column":27},"end":{"line":88,"column":59}},"33":{"start":{"line":89,"column":6},"end":{"line":91,"column":9}},"34":{"start":{"line":90,"column":8},"end":{"line":90,"column":67}},"35":{"start":{"line":93,"column":6},"end":{"line":97,"column":8}},"36":{"start":{"line":99,"column":6},"end":{"line":99,"column":59}},"37":{"start":{"line":100,"column":6},"end":{"line":100,"column":51}},"38":{"start":{"line":101,"column":6},"end":{"line":101,"column":18}},"39":{"start":{"line":103,"column":6},"end":{"line":103,"column":24}},"40":{"start":{"line":108,"column":24},"end":{"line":127,"column":8}},"41":{"start":{"line":109,"column":4},"end":{"line":126,"column":5}},"42":{"start":{"line":110,"column":30},"end":{"line":115,"column":17}},"43":{"start":{"line":117,"column":6},"end":{"line":120,"column":7}},"44":{"start":{"line":118,"column":8},"end":{"line":118,"column":62}},"45":{"start":{"line":119,"column":8},"end":{"line":119,"column":20}},"46":{"start":{"line":122,"column":6},"end":{"line":122,"column":18}},"47":{"start":{"line":124,"column":6},"end":{"line":124,"column":58}},"48":{"start":{"line":125,"column":6},"end":{"line":125,"column":18}},"49":{"start":{"line":130,"column":23},"end":{"line":163,"column":8}},"50":{"start":{"line":136,"column":4},"end":{"line":136,"column":21}},"51":{"start":{"line":137,"column":4},"end":{"line":137,"column":19}},"52":{"start":{"line":139,"column":4},"end":{"line":162,"column":5}},"53":{"start":{"line":140,"column":24},"end":{"line":147,"column":10}},"54":{"start":{"line":149,"column":6},"end":{"line":153,"column":7}},"55":{"start":{"line":150,"column":8},"end":{"line":150,"column":57}},"56":{"start":{"line":151,"column":8},"end":{"line":151,"column":44}},"57":{"start":{"line":152,"column":8},"end":{"line":152,"column":21}},"58":{"start":{"line":155,"column":6},"end":{"line":155,"column":18}},"59":{"start":{"line":157,"column":6},"end":{"line":157,"column":53}},"60":{"start":{"line":158,"column":6},"end":{"line":158,"column":42}},"61":{"start":{"line":159,"column":6},"end":{"line":159,"column":19}},"62":{"start":{"line":161,"column":6},"end":{"line":161,"column":24}},"63":{"start":{"line":166,"column":23},"end":{"line":197,"column":8}},"64":{"start":{"line":171,"column":4},"end":{"line":171,"column":21}},"65":{"start":{"line":172,"column":4},"end":{"line":172,"column":19}},"66":{"start":{"line":174,"column":4},"end":{"line":196,"column":5}},"67":{"start":{"line":175,"column":24},"end":{"line":181,"column":27}},"68":{"start":{"line":183,"column":6},"end":{"line":187,"column":7}},"69":{"start":{"line":184,"column":8},"end":{"line":184,"column":57}},"70":{"start":{"line":185,"column":8},"end":{"line":185,"column":44}},"71":{"start":{"line":186,"column":8},"end":{"line":186,"column":21}},"72":{"start":{"line":189,"column":6},"end":{"line":189,"column":18}},"73":{"start":{"line":191,"column":6},"end":{"line":191,"column":53}},"74":{"start":{"line":192,"column":6},"end":{"line":192,"column":42}},"75":{"start":{"line":193,"column":6},"end":{"line":193,"column":19}},"76":{"start":{"line":195,"column":6},"end":{"line":195,"column":24}},"77":{"start":{"line":200,"column":23},"end":{"line":224,"column":8}},"78":{"start":{"line":201,"column":4},"end":{"line":201,"column":21}},"79":{"start":{"line":202,"column":4},"end":{"line":202,"column":19}},"80":{"start":{"line":204,"column":4},"end":{"line":223,"column":5}},"81":{"start":{"line":205,"column":24},"end":{"line":208,"column":27}},"82":{"start":{"line":210,"column":6},"end":{"line":214,"column":7}},"83":{"start":{"line":211,"column":8},"end":{"line":211,"column":57}},"84":{"start":{"line":212,"column":8},"end":{"line":212,"column":44}},"85":{"start":{"line":213,"column":8},"end":{"line":213,"column":21}},"86":{"start":{"line":216,"column":6},"end":{"line":216,"column":18}},"87":{"start":{"line":218,"column":6},"end":{"line":218,"column":53}},"88":{"start":{"line":219,"column":6},"end":{"line":219,"column":42}},"89":{"start":{"line":220,"column":6},"end":{"line":220,"column":19}},"90":{"start":{"line":222,"column":6},"end":{"line":222,"column":24}},"91":{"start":{"line":226,"column":2},"end":{"line":235,"column":4}}},"fnMap":{"0":{"name":"(anonymous_0)","decl":{"start":{"line":26,"column":26},"end":{"line":26,"column":27}},"loc":{"start":{"line":26,"column":32},"end":{"line":236,"column":1}},"line":26},"1":{"name":"(anonymous_1)","decl":{"start":{"line":31,"column":36},"end":{"line":31,"column":37}},"loc":{"start":{"line":31,"column":80},"end":{"line":56,"column":3}},"line":31},"2":{"name":"(anonymous_2)","decl":{"start":{"line":59,"column":40},"end":{"line":59,"column":41}},"loc":{"start":{"line":59,"column":94},"end":{"line":105,"column":3}},"line":59},"3":{"name":"(anonymous_3)","decl":{"start":{"line":84,"column":38},"end":{"line":84,"column":39}},"loc":{"start":{"line":84,"column":55},"end":{"line":84,"column":74}},"line":84},"4":{"name":"(anonymous_4)","decl":{"start":{"line":89,"column":19},"end":{"line":89,"column":20}},"loc":{"start":{"line":89,"column":29},"end":{"line":91,"column":7}},"line":89},"5":{"name":"(anonymous_5)","decl":{"start":{"line":108,"column":36},"end":{"line":108,"column":37}},"loc":{"start":{"line":108,"column":101},"end":{"line":127,"column":3}},"line":108},"6":{"name":"(anonymous_6)","decl":{"start":{"line":130,"column":35},"end":{"line":130,"column":36}},"loc":{"start":{"line":135,"column":25},"end":{"line":163,"column":3}},"line":135},"7":{"name":"(anonymous_7)","decl":{"start":{"line":166,"column":35},"end":{"line":166,"column":36}},"loc":{"start":{"line":170,"column":25},"end":{"line":197,"column":3}},"line":170},"8":{"name":"(anonymous_8)","decl":{"start":{"line":200,"column":35},"end":{"line":200,"column":36}},"loc":{"start":{"line":200,"column":81},"end":{"line":224,"column":3}},"line":200}},"branchMap":{"0":{"loc":{"start":{"line":42,"column":6},"end":{"line":46,"column":7}},"type":"if","locations":[{"start":{"line":42,"column":6},"end":{"line":46,"column":7}},{"start":{},"end":{}}],"line":42},"1":{"loc":{"start":{"line":48,"column":13},"end":{"line":48,"column":23}},"type":"binary-expr","locations":[{"start":{"line":48,"column":13},"end":{"line":48,"column":17}},{"start":{"line":48,"column":21},"end":{"line":48,"column":23}}],"line":48},"2":{"loc":{"start":{"line":69,"column":6},"end":{"line":73,"column":7}},"type":"if","locations":[{"start":{"line":69,"column":6},"end":{"line":73,"column":7}},{"start":{},"end":{}}],"line":69},"3":{"loc":{"start":{"line":75,"column":6},"end":{"line":81,"column":7}},"type":"if","locations":[{"start":{"line":75,"column":6},"end":{"line":81,"column":7}},{"start":{},"end":{}}],"line":75},"4":{"loc":{"start":{"line":75,"column":10},"end":{"line":75,"column":36}},"type":"binary-expr","locations":[{"start":{"line":75,"column":10},"end":{"line":75,"column":15}},{"start":{"line":75,"column":19},"end":{"line":75,"column":36}}],"line":75},"5":{"loc":{"start":{"line":117,"column":6},"end":{"line":120,"column":7}},"type":"if","locations":[{"start":{"line":117,"column":6},"end":{"line":120,"column":7}},{"start":{},"end":{}}],"line":117},"6":{"loc":{"start":{"line":117,"column":10},"end":{"line":117,"column":44}},"type":"binary-expr","locations":[{"start":{"line":117,"column":10},"end":{"line":117,"column":15}},{"start":{"line":117,"column":19},"end":{"line":117,"column":44}}],"line":117},"7":{"loc":{"start":{"line":146,"column":19},"end":{"line":146,"column":42}},"type":"binary-expr","locations":[{"start":{"line":146,"column":19},"end":{"line":146,"column":34}},{"start":{"line":146,"column":38},"end":{"line":146,"column":42}}],"line":146},"8":{"loc":{"start":{"line":149,"column":6},"end":{"line":153,"column":7}},"type":"if","locations":[{"start":{"line":149,"column":6},"end":{"line":153,"column":7}},{"start":{},"end":{}}],"line":149},"9":{"loc":{"start":{"line":179,"column":19},"end":{"line":179,"column":42}},"type":"binary-expr","locations":[{"start":{"line":179,"column":19},"end":{"line":179,"column":34}},{"start":{"line":179,"column":38},"end":{"line":179,"column":42}}],"line":179},"10":{"loc":{"start":{"line":183,"column":6},"end":{"line":187,"column":7}},"type":"if","locations":[{"start":{"line":183,"column":6},"end":{"line":187,"column":7}},{"start":{},"end":{}}],"line":183},"11":{"loc":{"start":{"line":210,"column":6},"end":{"line":214,"column":7}},"type":"if","locations":[{"start":{"line":210,"column":6},"end":{"line":214,"column":7}},{"start":{},"end":{}}],"line":210}},"s":{"0":1,"1":27,"2":27,"3":27,"4":2,"5":2,"6":2,"7":2,"8":2,"9":1,"10":1,"11":1,"12":1,"13":0,"14":0,"15":0,"16":2,"17":27,"18":3,"19":3,"20":3,"21":3,"22":3,"23":1,"24":1,"25":1,"26":2,"27":1,"28":1,"29":1,"30":6,"31":1,"32":1,"33":1,"34":6,"35":1,"36":0,"37":0,"38":0,"39":3,"40":27,"41":3,"42":3,"43":3,"44":1,"45":1,"46":2,"47":0,"48":0,"49":27,"50":3,"51":3,"52":3,"53":3,"54":3,"55":1,"56":1,"57":1,"58":2,"59":0,"60":0,"61":0,"62":3,"63":27,"64":2,"65":2,"66":2,"67":2,"68":2,"69":1,"70":1,"71":1,"72":1,"73":0,"74":0,"75":0,"76":2,"77":27,"78":2,"79":2,"80":2,"81":2,"82":2,"83":1,"84":1,"85":1,"86":1,"87":0,"88":0,"89":0,"90":2,"91":27},"f":{"0":27,"1":2,"2":3,"3":6,"4":6,"5":3,"6":3,"7":2,"8":2},"b":{"0":[1,1],"1":[1,0],"2":[1,2],"3":[1,1],"4":[2,2],"5":[1,2],"6":[3,2],"7":[3,2],"8":[1,2],"9":[2,1],"10":[1,1],"11":[1,1]},"_coverageSchema":"1a1c01bbd47fc00a2c39e90264f33305004495a9","hash":"df2a822a0c6f07d4d8ccf04db567d204f5868995"}
,"/Users/roger.gost/Documents/repos/MatchMap/lib/broadcastPreferences.ts": {"path":"/Users/roger.gost/Documents/repos/MatchMap/lib/broadcastPreferences.ts","statementMap":{"0":{"start":{"line":3,"column":2},"end":{"line":3,"column":46}},"1":{"start":{"line":20,"column":26},"end":{"line":22,"column":20}},"2":{"start":{"line":21,"column":23},"end":{"line":21,"column":24}},"3":{"start":{"line":22,"column":18},"end":{"line":22,"column":19}},"4":{"start":{"line":24,"column":20},"end":{"line":27,"column":4}},"5":{"start":{"line":25,"column":36},"end":{"line":25,"column":50}},"6":{"start":{"line":26,"column":4},"end":{"line":26,"column":62}},"7":{"start":{"line":29,"column":2},"end":{"line":33,"column":4}},"8":{"start":{"line":31,"column":35},"end":{"line":31,"column":44}},"9":{"start":{"line":32,"column":47},"end":{"line":32,"column":63}}},"fnMap":{"0":{"name":"teamSelectionKey","decl":{"start":{"line":2,"column":16},"end":{"line":2,"column":32}},"loc":{"start":{"line":2,"column":89},"end":{"line":4,"column":1}},"line":2},"1":{"name":"buildBroadcastPreferencesPayload","decl":{"start":{"line":16,"column":16},"end":{"line":16,"column":48}},"loc":{"start":{"line":19,"column":31},"end":{"line":34,"column":1}},"line":19},"2":{"name":"(anonymous_2)","decl":{"start":{"line":21,"column":12},"end":{"line":21,"column":13}},"loc":{"start":{"line":21,"column":23},"end":{"line":21,"column":24}},"line":21},"3":{"name":"(anonymous_3)","decl":{"start":{"line":22,"column":9},"end":{"line":22,"column":10}},"loc":{"start":{"line":22,"column":18},"end":{"line":22,"column":19}},"line":22},"4":{"name":"(anonymous_4)","decl":{"start":{"line":24,"column":50},"end":{"line":24,"column":51}},"loc":{"start":{"line":24,"column":59},"end":{"line":27,"column":3}},"line":24},"5":{"name":"(anonymous_5)","decl":{"start":{"line":31,"column":28},"end":{"line":31,"column":29}},"loc":{"start":{"line":31,"column":35},"end":{"line":31,"column":44}},"line":31},"6":{"name":"(anonymous_6)","decl":{"start":{"line":32,"column":40},"end":{"line":32,"column":41}},"loc":{"start":{"line":32,"column":47},"end":{"line":32,"column":63}},"line":32}},"branchMap":{},"s":{"0":8,"1":5,"2":3,"3":2,"4":5,"5":5,"6":5,"7":5,"8":5,"9":5},"f":{"0":8,"1":5,"2":3,"3":2,"4":5,"5":5,"6":5},"b":{},"_coverageSchema":"1a1c01bbd47fc00a2c39e90264f33305004495a9","hash":"837eaf3ec8ad0823ae359eba46fd187d27fc18e5"}
,"/Users/roger.gost/Documents/repos/MatchMap/lib/getBarPlanInfo.ts": {"path":"/Users/roger.gost/Documents/repos/MatchMap/lib/getBarPlanInfo.ts","statementMap":{"0":{"start":{"line":6,"column":26},"end":{"line":12,"column":13}},"1":{"start":{"line":14,"column":2},"end":{"line":19,"column":3}},"2":{"start":{"line":15,"column":4},"end":{"line":18,"column":6}},"3":{"start":{"line":21,"column":45},"end":{"line":27,"column":3}},"4":{"start":{"line":29,"column":19},"end":{"line":29,"column":58}},"5":{"start":{"line":30,"column":2},"end":{"line":33,"column":4}},"6":{"start":{"line":39,"column":21},"end":{"line":39,"column":26}},"7":{"start":{"line":40,"column":23},"end":{"line":40,"column":38}},"8":{"start":{"line":41,"column":2},"end":{"line":41,"column":32}}},"fnMap":{"0":{"name":"getBarPlanInfo","decl":{"start":{"line":5,"column":22},"end":{"line":5,"column":36}},"loc":{"start":{"line":5,"column":52},"end":{"line":34,"column":1}},"line":5},"1":{"name":"getBarTierAndCapabilities","decl":{"start":{"line":37,"column":22},"end":{"line":37,"column":47}},"loc":{"start":{"line":37,"column":116},"end":{"line":42,"column":1}},"line":37}},"branchMap":{"0":{"loc":{"start":{"line":14,"column":2},"end":{"line":19,"column":3}},"type":"if","locations":[{"start":{"line":14,"column":2},"end":{"line":19,"column":3}},{"start":{},"end":{}}],"line":14},"1":{"loc":{"start":{"line":14,"column":6},"end":{"line":14,"column":41}},"type":"binary-expr","locations":[{"start":{"line":14,"column":6},"end":{"line":14,"column":11}},{"start":{"line":14,"column":15},"end":{"line":14,"column":20}},{"start":{"line":14,"column":24},"end":{"line":14,"column":41}}],"line":14},"2":{"loc":{"start":{"line":29,"column":19},"end":{"line":29,"column":58}},"type":"binary-expr","locations":[{"start":{"line":29,"column":20},"end":{"line":29,"column":47}},{"start":{"line":29,"column":52},"end":{"line":29,"column":58}}],"line":29},"3":{"loc":{"start":{"line":32,"column":10},"end":{"line":32,"column":47}},"type":"binary-expr","locations":[{"start":{"line":32,"column":10},"end":{"line":32,"column":30}},{"start":{"line":32,"column":34},"end":{"line":32,"column":47}}],"line":32}},"s":{"0":5,"1":5,"2":3,"3":2,"4":2,"5":2,"6":2,"7":2,"8":2},"f":{"0":5,"1":2},"b":{"0":[3,2],"1":[5,4,4],"2":[2,0],"3":[2,1]},"_coverageSchema":"1a1c01bbd47fc00a2c39e90264f33305004495a9","hash":"8172f4a27bbc0df4dc04623a91f2430b7350543b"}
,"/Users/roger.gost/Documents/repos/MatchMap/lib/matchSelectionLimits.ts": {"path":"/Users/roger.gost/Documents/repos/MatchMap/lib/matchSelectionLimits.ts","statementMap":{"0":{"start":{"line":24,"column":2},"end":{"line":26,"column":3}},"1":{"start":{"line":25,"column":4},"end":{"line":25,"column":68}},"2":{"start":{"line":28,"column":20},"end":{"line":28,"column":45}},"3":{"start":{"line":29,"column":18},"end":{"line":29,"column":58}},"4":{"start":{"line":30,"column":20},"end":{"line":30,"column":57}},"5":{"start":{"line":32,"column":2},"end":{"line":32,"column":43}}},"fnMap":{"0":{"name":"checkEventLimit","decl":{"start":{"line":19,"column":16},"end":{"line":19,"column":31}},"loc":{"start":{"line":23,"column":49},"end":{"line":33,"column":1}},"line":23}},"branchMap":{"0":{"loc":{"start":{"line":24,"column":2},"end":{"line":26,"column":3}},"type":"if","locations":[{"start":{"line":24,"column":2},"end":{"line":26,"column":3}},{"start":{},"end":{}}],"line":24}},"s":{"0":5,"1":1,"2":4,"3":4,"4":4,"5":4},"f":{"0":5},"b":{"0":[1,4]},"_coverageSchema":"1a1c01bbd47fc00a2c39e90264f33305004495a9","hash":"1681467c8d9b8babc9065fc3c288f0af30619292"}
,"/Users/roger.gost/Documents/repos/MatchMap/lib/planCapabilities.ts": {"path":"/Users/roger.gost/Documents/repos/MatchMap/lib/planCapabilities.ts","statementMap":{"0":{"start":{"line":8,"column":32},"end":{"line":12,"column":1}},"1":{"start":{"line":9,"column":2},"end":{"line":9,"column":34}},"2":{"start":{"line":9,"column":20},"end":{"line":9,"column":34}},"3":{"start":{"line":10,"column":2},"end":{"line":10,"column":44}},"4":{"start":{"line":10,"column":29},"end":{"line":10,"column":44}},"5":{"start":{"line":11,"column":2},"end":{"line":11,"column":15}},"6":{"start":{"line":28,"column":55},"end":{"line":68,"column":1}},"7":{"start":{"line":70,"column":50},"end":{"line":74,"column":1}}},"fnMap":{"0":{"name":"(anonymous_0)","decl":{"start":{"line":8,"column":32},"end":{"line":8,"column":33}},"loc":{"start":{"line":8,"column":55},"end":{"line":12,"column":1}},"line":8}},"branchMap":{"0":{"loc":{"start":{"line":9,"column":2},"end":{"line":9,"column":34}},"type":"if","locations":[{"start":{"line":9,"column":2},"end":{"line":9,"column":34}},{"start":{},"end":{}}],"line":9},"1":{"loc":{"start":{"line":10,"column":2},"end":{"line":10,"column":44}},"type":"if","locations":[{"start":{"line":10,"column":2},"end":{"line":10,"column":44}},{"start":{},"end":{}}],"line":10}},"s":{"0":2,"1":5,"2":1,"3":4,"4":2,"5":2,"6":2,"7":2},"f":{"0":5},"b":{"0":[1,4],"1":[2,2]},"_coverageSchema":"1a1c01bbd47fc00a2c39e90264f33305004495a9","hash":"b3625b3e0faf25441aba35073b54fbd24f5b3938"}
,"/Users/roger.gost/Documents/repos/MatchMap/services/bars.ts": {"path":"/Users/roger.gost/Documents/repos/MatchMap/services/bars.ts","statementMap":{"0":{"start":{"line":4,"column":26},"end":{"line":7,"column":4}},"1":{"start":{"line":8,"column":2},"end":{"line":8,"column":25}},"2":{"start":{"line":8,"column":13},"end":{"line":8,"column":25}},"3":{"start":{"line":9,"column":2},"end":{"line":9,"column":63}},"4":{"start":{"line":9,"column":53},"end":{"line":9,"column":61}},"5":{"start":{"line":16,"column":2},"end":{"line":34,"column":3}},"6":{"start":{"line":17,"column":16},"end":{"line":17,"column":40}},"7":{"start":{"line":19,"column":28},"end":{"line":23,"column":29}},"8":{"start":{"line":25,"column":4},"end":{"line":25,"column":27}},"9":{"start":{"line":25,"column":15},"end":{"line":25,"column":27}},"10":{"start":{"line":28,"column":19},"end":{"line":28,"column":63}},"11":{"start":{"line":28,"column":46},"end":{"line":28,"column":54}},"12":{"start":{"line":29,"column":4},"end":{"line":29,"column":83}},"13":{"start":{"line":30,"column":4},"end":{"line":30,"column":18}},"14":{"start":{"line":32,"column":4},"end":{"line":32,"column":63}},"15":{"start":{"line":33,"column":4},"end":{"line":33,"column":16}},"16":{"start":{"line":56,"column":2},"end":{"line":111,"column":3}},"17":{"start":{"line":58,"column":49},"end":{"line":58,"column":78}},"18":{"start":{"line":59,"column":4},"end":{"line":61,"column":5}},"19":{"start":{"line":60,"column":6},"end":{"line":60,"column":48}},"20":{"start":{"line":64,"column":30},"end":{"line":67,"column":5}},"21":{"start":{"line":69,"column":4},"end":{"line":69,"column":62}},"22":{"start":{"line":70,"column":4},"end":{"line":70,"column":51}},"23":{"start":{"line":71,"column":4},"end":{"line":71,"column":60}},"24":{"start":{"line":72,"column":4},"end":{"line":72,"column":57}},"25":{"start":{"line":73,"column":4},"end":{"line":73,"column":70}},"26":{"start":{"line":74,"column":4},"end":{"line":74,"column":66}},"27":{"start":{"line":75,"column":4},"end":{"line":75,"column":77}},"28":{"start":{"line":76,"column":4},"end":{"line":76,"column":64}},"29":{"start":{"line":77,"column":4},"end":{"line":77,"column":50}},"30":{"start":{"line":79,"column":26},"end":{"line":83,"column":5}},"31":{"start":{"line":85,"column":4},"end":{"line":85,"column":54}},"32":{"start":{"line":86,"column":4},"end":{"line":86,"column":56}},"33":{"start":{"line":89,"column":28},"end":{"line":93,"column":15}},"34":{"start":{"line":95,"column":4},"end":{"line":99,"column":5}},"35":{"start":{"line":96,"column":6},"end":{"line":96,"column":72}},"36":{"start":{"line":97,"column":6},"end":{"line":97,"column":64}},"37":{"start":{"line":98,"column":6},"end":{"line":98,"column":18}},"38":{"start":{"line":101,"column":4},"end":{"line":101,"column":56}},"39":{"start":{"line":102,"column":4},"end":{"line":102,"column":37}},"40":{"start":{"line":103,"column":4},"end":{"line":103,"column":54}},"41":{"start":{"line":104,"column":4},"end":{"line":104,"column":45}},"42":{"start":{"line":105,"column":4},"end":{"line":105,"column":62}},"43":{"start":{"line":107,"column":4},"end":{"line":107,"column":16}},"44":{"start":{"line":109,"column":4},"end":{"line":109,"column":65}},"45":{"start":{"line":110,"column":4},"end":{"line":110,"column":16}}},"fnMap":{"0":{"name":"fetchBarIdsByTeam","decl":{"start":{"line":3,"column":22},"end":{"line":3,"column":39}},"loc":{"start":{"line":3,"column":103},"end":{"line":10,"column":1}},"line":3},"1":{"name":"(anonymous_1)","decl":{"start":{"line":9,"column":26},"end":{"line":9,"column":27}},"loc":{"start":{"line":9,"column":53},"end":{"line":9,"column":61}},"line":9},"2":{"name":"fetchBarIdsByMatch","decl":{"start":{"line":15,"column":22},"end":{"line":15,"column":40}},"loc":{"start":{"line":15,"column":77},"end":{"line":35,"column":1}},"line":15},"3":{"name":"(anonymous_3)","decl":{"start":{"line":28,"column":41},"end":{"line":28,"column":42}},"loc":{"start":{"line":28,"column":46},"end":{"line":28,"column":54}},"line":28},"4":{"name":"createAutoPreRegisterBar","decl":{"start":{"line":41,"column":22},"end":{"line":41,"column":46}},"loc":{"start":{"line":55,"column":3},"end":{"line":112,"column":1}},"line":55}},"branchMap":{"0":{"loc":{"start":{"line":3,"column":56},"end":{"line":3,"column":82}},"type":"default-arg","locations":[{"start":{"line":3,"column":78},"end":{"line":3,"column":82}}],"line":3},"1":{"loc":{"start":{"line":8,"column":2},"end":{"line":8,"column":25}},"type":"if","locations":[{"start":{"line":8,"column":2},"end":{"line":8,"column":25}},{"start":{},"end":{}}],"line":8},"2":{"loc":{"start":{"line":9,"column":10},"end":{"line":9,"column":20}},"type":"binary-expr","locations":[{"start":{"line":9,"column":10},"end":{"line":9,"column":14}},{"start":{"line":9,"column":18},"end":{"line":9,"column":20}}],"line":9},"3":{"loc":{"start":{"line":25,"column":4},"end":{"line":25,"column":27}},"type":"if","locations":[{"start":{"line":25,"column":4},"end":{"line":25,"column":27}},{"start":{},"end":{}}],"line":25},"4":{"loc":{"start":{"line":28,"column":31},"end":{"line":28,"column":61}},"type":"binary-expr","locations":[{"start":{"line":28,"column":31},"end":{"line":28,"column":55}},{"start":{"line":28,"column":59},"end":{"line":28,"column":61}}],"line":28},"5":{"loc":{"start":{"line":59,"column":4},"end":{"line":61,"column":5}},"type":"if","locations":[{"start":{"line":59,"column":4},"end":{"line":61,"column":5}},{"start":{},"end":{}}],"line":59},"6":{"loc":{"start":{"line":59,"column":8},"end":{"line":59,"column":26}},"type":"binary-expr","locations":[{"start":{"line":59,"column":8},"end":{"line":59,"column":17}},{"start":{"line":59,"column":21},"end":{"line":59,"column":26}}],"line":59},"7":{"loc":{"start":{"line":95,"column":4},"end":{"line":99,"column":5}},"type":"if","locations":[{"start":{"line":95,"column":4},"end":{"line":99,"column":5}},{"start":{},"end":{}}],"line":95}},"s":{"0":4,"1":4,"2":1,"3":3,"4":2,"5":3,"6":3,"7":3,"8":3,"9":1,"10":2,"11":3,"12":2,"13":2,"14":1,"15":1,"16":3,"17":3,"18":3,"19":1,"20":2,"21":2,"22":2,"23":2,"24":2,"25":2,"26":2,"27":2,"28":2,"29":2,"30":2,"31":2,"32":2,"33":2,"34":2,"35":1,"36":1,"37":1,"38":1,"39":1,"40":1,"41":1,"42":1,"43":1,"44":2,"45":2},"f":{"0":4,"1":2,"2":3,"3":3,"4":3},"b":{"0":[3],"1":[1,3],"2":[3,1],"3":[1,2],"4":[2,0],"5":[1,2],"6":[3,3],"7":[1,1]},"_coverageSchema":"1a1c01bbd47fc00a2c39e90264f33305004495a9","hash":"b414c25aabf043c1a826390ef0e1492c745d7bc1"}
,"/Users/roger.gost/Documents/repos/MatchMap/stores/barRegisterStore.ts": {"path":"/Users/roger.gost/Documents/repos/MatchMap/stores/barRegisterStore.ts","statementMap":{"0":{"start":{"line":49,"column":21},"end":{"line":70,"column":1}},"1":{"start":{"line":72,"column":35},"end":{"line":86,"column":3}},"2":{"start":{"line":72,"column":75},"end":{"line":86,"column":1}},"3":{"start":{"line":75,"column":57},"end":{"line":75,"column":119}},"4":{"start":{"line":75,"column":91},"end":{"line":75,"column":117}},"5":{"start":{"line":77,"column":48},"end":{"line":77,"column":67}},"6":{"start":{"line":79,"column":19},"end":{"line":79,"column":36}},"7":{"start":{"line":82,"column":18},"end":{"line":82,"column":23}},"8":{"start":{"line":83,"column":89},"end":{"line":83,"column":94}},"9":{"start":{"line":84,"column":4},"end":{"line":84,"column":20}}},"fnMap":{"0":{"name":"(anonymous_0)","decl":{"start":{"line":72,"column":60},"end":{"line":72,"column":61}},"loc":{"start":{"line":72,"column":75},"end":{"line":86,"column":1}},"line":72},"1":{"name":"(anonymous_1)","decl":{"start":{"line":75,"column":12},"end":{"line":75,"column":13}},"loc":{"start":{"line":75,"column":57},"end":{"line":75,"column":119}},"line":75},"2":{"name":"(anonymous_2)","decl":{"start":{"line":75,"column":61},"end":{"line":75,"column":62}},"loc":{"start":{"line":75,"column":91},"end":{"line":75,"column":117}},"line":75},"3":{"name":"(anonymous_3)","decl":{"start":{"line":77,"column":17},"end":{"line":77,"column":18}},"loc":{"start":{"line":77,"column":48},"end":{"line":77,"column":67}},"line":77},"4":{"name":"(anonymous_4)","decl":{"start":{"line":79,"column":13},"end":{"line":79,"column":14}},"loc":{"start":{"line":79,"column":19},"end":{"line":79,"column":36}},"line":79},"5":{"name":"(anonymous_5)","decl":{"start":{"line":81,"column":15},"end":{"line":81,"column":16}},"loc":{"start":{"line":81,"column":21},"end":{"line":85,"column":3}},"line":81}},"branchMap":{},"s":{"0":0,"1":0,"2":0,"3":0,"4":0,"5":0,"6":0,"7":0,"8":0,"9":0},"f":{"0":0,"1":0,"2":0,"3":0,"4":0,"5":0},"b":{}}
[...]
:26}},"type":"binary-expr","locations":[{"start":{"line":910,"column":8},"end":{"line":910,"column":17}},{"start":{"line":910,"column":21},"end":{"line":910,"column":26}}],"line":910},"75":{"loc":{"start":{"line":917,"column":4},"end":{"line":919,"column":5}},"type":"if","locations":[{"start":{"line":917,"column":4},"end":{"line":919,"column":5}},{"start":{},"end":{}}],"line":917},"76":{"loc":{"start":{"line":921,"column":24},"end":{"line":921,"column":106}},"type":"binary-expr","locations":[{"start":{"line":921,"column":24},"end":{"line":921,"column":60}},{"start":{"line":921,"column":64},"end":{"line":921,"column":106}}],"line":921},"77":{"loc":{"start":{"line":935,"column":4},"end":{"line":937,"column":5}},"type":"if","locations":[{"start":{"line":935,"column":4},"end":{"line":937,"column":5}},{"start":{},"end":{}}],"line":935},"78":{"loc":{"start":{"line":935,"column":8},"end":{"line":935,"column":39}},"type":"binary-expr","locations":[{"start":{"line":935,"column":8},"end":{"line":935,"column":20}},{"start":{"line":935,"column":24},"end":{"line":935,"column":39}}],"line":935},"79":{"loc":{"start":{"line":936,"column":38},"end":{"line":936,"column":84}},"type":"binary-expr","locations":[{"start":{"line":936,"column":38},"end":{"line":936,"column":50}},{"start":{"line":936,"column":54},"end":{"line":936,"column":84}}],"line":936},"80":{"loc":{"start":{"line":944,"column":36},"end":{"line":944,"column":94}},"type":"binary-expr","locations":[{"start":{"line":944,"column":36},"end":{"line":944,"column":49}},{"start":{"line":944,"column":53},"end":{"line":944,"column":94}}],"line":944}},"s":{"0":0,"1":0,"2":0,"3":0,"4":0,"5":0,"6":0,"7":0,"8":0,"9":0,"10":0,"11":0,"12":0,"13":0,"14":0,"15":0,"16":0,"17":0,"18":0,"19":0,"20":0,"21":0,"22":0,"23":0,"24":0,"25":0,"26":0,"27":0,"28":0,"29":0,"30":0,"31":0,"32":0,"33":0,"34":0,"35":0,"36":0,"37":0,"38":0,"39":0,"40":0,"41":0,"42":0,"43":0,"44":0,"45":0,"46":0,"47":0,"48":0,"49":0,"50":0,"51":0,"52":0,"53":0,"54":0,"55":0,"56":0,"57":0,"58":0,"59":0,"60":0,"61":0,"62":0,"63":0,"64":0,"65":0,"66":0,"67":0,"68":0,"69":0,"70":0,"71":0,"72":0,"73":0,"74":0,"75":0,"76":0,"77":0,"78":0,"79":0,"80":0,"81":0,"82":0,"83":0,"84":0,"85":0,"86":0,"87":0,"88":0,"89":0,"90":0,"91":0,"92":0,"93":0,"94":0,"95":0,"96":0,"97":0,"98":0,"99":0,"100":0,"101":0,"102":0,"103":0,"104":0,"105":0,"106":0,"107":0,"108":0,"109":0,"110":0,"111":0,"112":0,"113":0,"114":0,"115":0,"116":0,"117":0,"118":0,"119":0,"120":0,"121":0,"122":0,"123":0,"124":0,"125":0,"126":0,"127":0,"128":0,"129":0,"130":0,"131":0,"132":0,"133":0,"134":0,"135":0,"136":0,"137":0,"138":0,"139":0,"140":0,"141":0,"142":0,"143":0,"144":0,"145":0,"146":0,"147":0,"148":0,"149":0,"150":0,"151":0,"152":0,"153":0,"154":0,"155":0,"156":0,"157":0,"158":0,"159":0,"160":0,"161":0,"162":0,"163":0,"164":0,"165":0,"166":0,"167":0,"168":0,"169":0,"170":0,"171":0,"172":0,"173":0,"174":0,"175":0,"176":0,"177":0,"178":0,"179":0,"180":0,"181":0,"182":0,"183":0,"184":0,"185":0,"186":0,"187":0,"188":0,"189":0,"190":0,"191":0,"192":0,"193":0,"194":0,"195":0,"196":0,"197":0,"198":0,"199":0,"200":0,"201":0,"202":0,"203":0,"204":0,"205":0,"206":0,"207":0,"208":0,"209":0,"210":0,"211":0,"212":0,"213":0,"214":0,"215":0,"216":0,"217":0,"218":0,"219":0,"220":0,"221":0,"222":0,"223":0,"224":0,"225":0,"226":0,"227":0,"228":0,"229":0,"230":0,"231":0,"232":0,"233":0,"234":0,"235":0,"236":0,"237":0,"238":0,"239":0,"240":0,"241":0,"242":0,"243":0,"244":0,"245":0,"246":0,"247":0,"248":0,"249":0,"250":0,"251":0,"252":0,"253":0,"254":0,"255":0,"256":0,"257":0,"258":0,"259":0,"260":0,"261":0,"262":0,"263":0,"264":0,"265":0,"266":0,"267":0,"268":0,"269":0,"270":0,"271":0,"272":0,"273":0,"274":0,"275":0,"276":0,"277":0,"278":0,"279":0,"280":0,"281":0,"282":0,"283":0,"284":0,"285":0,"286":0,"287":0,"288":0,"289":0,"290":0,"291":0,"292":0,"293":0,"294":0,"295":0,"296":0,"297":0,"298":0,"299":0,"300":0,"301":0,"302":0,"303":0,"304":0,"305":0,"306":0,"307":0,"308":0,"309":0,"310":0,"311":0,"312":0,"313":0,"314":0,"315":0,"316":0,"317":0,"318":0,"319":0,"320":0,"321":0,"322":0,"323":0,"324":0,"325":0,"326":0,"327":0,"328":0,"329":0,"330":0,"331":0,"332":0,"333":0,"334":0,"335":0,"336":0,"337":0,"338":0,"339":0,"340":0,"341":0,"342":0,"343":0,"344":0,"345":0,"346":0,"347":0,"348":0,"349":0,"350":0,"351":0,"352":0,"353":0,"354":0,"355":0,"356":0,"357":0,"358":0,"359":0,"360":0,"361":0,"362":0,"363":0,"364":0,"365":0,"366":0,"367":0,"368":0,"369":0,"370":0,"371":0,"372":0,"373":0,"374":0,"375":0,"376":0,"377":0,"378":0,"379":0,"380":0,"381":0,"382":0,"383":0,"384":0,"385":0,"386":0},"f":{"0":0,"1":0,"2":0,"3":0,"4":0,"5":0,"6":0,"7":0,"8":0,"9":0,"10":0,"11":0,"12":0,"13":0,"14":0,"15":0,"16":0,"17":0,"18":0,"19":0,"20":0},"b":{"0":[0,0],"1":[0,0],"2":[0,0],"3":[0,0],"4":[0,0],"5":[0,0],"6":[0,0],"7":[0,0],"8":[0,0],"9":[0,0],"10":[0,0],"11":[0,0],"12":[0,0],"13":[0,0],"14":[0,0],"15":[0,0],"16":[0,0],"17":[0,0],"18":[0,0],"19":[0,0],"20":[0,0],"21":[0,0],"22":[0,0],"23":[0,0],"24":[0,0,0,0],"25":[0,0],"26":[0,0],"27":[0,0],"28":[0,0],"29":[0,0],"30":[0,0],"31":[0,0],"32":[0,0],"33":[0,0],"34":[0,0],"35":[0,0],"36":[0,0],"37":[0,0],"38":[0,0],"39":[0,0],"40":[0,0],"41":[0,0],"42":[0,0],"43":[0,0],"44":[0,0],"45":[0,0],"46":[0,0],"47":[0,0],"48":[0,0],"49":[0,0],"50":[0,0],"51":[0,0],"52":[0,0],"53":[0,0],"54":[0,0],"55":[0,0],"56":[0,0],"57":[0,0],"58":[0,0],"59":[0,0],"60":[0,0],"61":[0,0],"62":[0,0],"63":[0,0],"64":[0,0],"65":[0,0],"66":[0,0],"67":[0,0],"68":[0,0],"69":[0,0],"70":[0,0],"71":[0,0],"72":[0,0],"73":[0,0],"74":[0,0],"75":[0,0],"76":[0,0],"77":[0,0],"78":[0,0],"79":[0,0],"80":[0,0]}}
,"/Users/roger.gost/Documents/repos/MatchMap/utils/geo.ts": {"path":"/Users/roger.gost/Documents/repos/MatchMap/utils/geo.ts","statementMap":{"0":{"start":{"line":17,"column":12},"end":{"line":17,"column":16}},"1":{"start":{"line":18,"column":15},"end":{"line":18,"column":49}},"2":{"start":{"line":19,"column":15},"end":{"line":19,"column":49}},"3":{"start":{"line":22,"column":4},"end":{"line":26,"column":24}},"4":{"start":{"line":28,"column":12},"end":{"line":28,"column":58}},"5":{"start":{"line":29,"column":2},"end":{"line":29,"column":15}},"6":{"start":{"line":36,"column":2},"end":{"line":36,"column":35}},"7":{"start":{"line":43,"column":17},"end":{"line":43,"column":39}},"8":{"start":{"line":44,"column":2},"end":{"line":44,"column":45}},"9":{"start":{"line":57,"column":2},"end":{"line":57,"column":86}},"10":{"start":{"line":64,"column":14},"end":{"line":64,"column":51}},"11":{"start":{"line":65,"column":14},"end":{"line":65,"column":51}},"12":{"start":{"line":66,"column":2},"end":{"line":66,"column":25}}},"fnMap":{"0":{"name":"haversineDistance","decl":{"start":{"line":16,"column":16},"end":{"line":16,"column":33}},"loc":{"start":{"line":16,"column":74},"end":{"line":30,"column":1}},"line":16},"1":{"name":"toRadians","decl":{"start":{"line":35,"column":9},"end":{"line":35,"column":18}},"loc":{"start":{"line":35,"column":44},"end":{"line":37,"column":1}},"line":35},"2":{"name":"roundCoordinate","decl":{"start":{"line":42,"column":16},"end":{"line":42,"column":31}},"loc":{"start":{"line":42,"column":77},"end":{"line":45,"column":1}},"line":42},"3":{"name":"haversineDistanceMeters","decl":{"start":{"line":51,"column":16},"end":{"line":51,"column":39}},"loc":{"start":{"line":56,"column":10},"end":{"line":58,"column":1}},"line":56},"4":{"name":"coordsToKey","decl":{"start":{"line":63,"column":16},"end":{"line":63,"column":27}},"loc":{"start":{"line":63,"column":74},"end":{"line":67,"column":1}},"line":63}},"branchMap":{"0":{"loc":{"start":{"line":42,"column":47},"end":{"line":42,"column":67}},"type":"default-arg","locations":[{"start":{"line":42,"column":66},"end":{"line":42,"column":67}}],"line":42},"1":{"loc":{"start":{"line":63,"column":44},"end":{"line":63,"column":64}},"type":"default-arg","locations":[{"start":{"line":63,"column":63},"end":{"line":63,"column":64}}],"line":63}},"s":{"0":8,"1":8,"2":8,"3":8,"4":8,"5":8,"6":32,"7":12,"8":12,"9":2,"10":4,"11":4,"12":4},"f":{"0":8,"1":32,"2":12,"3":2,"4":4},"b":{"0":[1],"1":[3]},"_coverageSchema":"1a1c01bbd47fc00a2c39e90264f33305004495a9","hash":"f0cdbcac5d7d70e433e0827d75c2cfc6abb8f34a"}
,"/Users/roger.gost/Documents/repos/MatchMap/utils/revenuecat.ts": {"path":"/Users/roger.gost/Documents/repos/MatchMap/utils/revenuecat.ts","statementMap":{"0":{"start":{"line":10,"column":27},"end":{"line":14,"column":12}},"1":{"start":{"line":17,"column":28},"end":{"line":19,"column":10}},"2":{"start":{"line":22,"column":27},"end":{"line":27,"column":10}},"3":{"start":{"line":34,"column":2},"end":{"line":53,"column":3}},"4":{"start":{"line":35,"column":4},"end":{"line":37,"column":5}},"5":{"start":{"line":36,"column":6},"end":{"line":36,"column":45}},"6":{"start":{"line":39,"column":30},"end":{"line":39,"column":60}},"7":{"start":{"line":40,"column":4},"end":{"line":42,"column":5}},"8":{"start":{"line":41,"column":6},"end":{"line":41,"column":13}},"9":{"start":{"line":44,"column":4},"end":{"line":47,"column":7}},"10":{"start":{"line":49,"column":4},"end":{"line":49,"column":57}},"11":{"start":{"line":51,"column":4},"end":{"line":51,"column":63}},"12":{"start":{"line":52,"column":4},"end":{"line":52,"column":16}},"13":{"start":{"line":60,"column":2},"end":{"line":66,"column":3}},"14":{"start":{"line":61,"column":25},"end":{"line":61,"column":58}},"15":{"start":{"line":62,"column":4},"end":{"line":62,"column":24}},"16":{"start":{"line":64,"column":4},"end":{"line":64,"column":59}},"17":{"start":{"line":65,"column":4},"end":{"line":65,"column":16}},"18":{"start":{"line":73,"column":2},"end":{"line":80,"column":3}},"19":{"start":{"line":74,"column":25},"end":{"line":74,"column":58}},"20":{"start":{"line":75,"column":24},"end":{"line":75,"column":83}},"21":{"start":{"line":76,"column":4},"end":{"line":76,"column":37}},"22":{"start":{"line":78,"column":4},"end":{"line":78,"column":65}},"23":{"start":{"line":79,"column":4},"end":{"line":79,"column":17}},"24":{"start":{"line":87,"column":2},"end":{"line":113,"column":3}},"25":{"start":{"line":88,"column":22},"end":{"line":88,"column":52}},"26":{"start":{"line":90,"column":4},"end":{"line":90,"column":72}},"27":{"start":{"line":91,"column":4},"end":{"line":91,"column":83}},"28":{"start":{"line":93,"column":4},"end":{"line":106,"column":5}},"29":{"start":{"line":94,"column":19},"end":{"line":94,"column":54}},"30":{"start":{"line":95,"column":6},"end":{"line":95,"column":73}},"31":{"start":{"line":96,"column":6},"end":{"line":104,"column":9}},"32":{"start":{"line":97,"column":8},"end":{"line":103,"column":10}},"33":{"start":{"line":105,"column":6},"end":{"line":105,"column":31}},"34":{"start":{"line":108,"column":4},"end":{"line":108,"column":58}},"35":{"start":{"line":109,"column":4},"end":{"line":109,"column":16}},"36":{"start":{"line":111,"column":4},"end":{"line":111,"column":60}},"37":{"start":{"line":112,"column":4},"end":{"line":112,"column":16}},"38":{"start":{"line":122,"column":2},"end":{"line":133,"column":3}},"39":{"start":{"line":123,"column":42},"end":{"line":123,"column":92}},"40":{"start":{"line":124,"column":4},"end":{"line":124,"column":56}},"41":{"start":{"line":125,"column":4},"end":{"line":125,"column":56}},"42":{"start":{"line":127,"column":4},"end":{"line":131,"column":5}},"43":{"start":{"line":128,"column":6},"end":{"line":128,"column":48}},"44":{"start":{"line":130,"column":6},"end":{"line":130,"column":49}},"45":{"start":{"line":132,"column":4},"end":{"line":132,"column":16}},"46":{"start":{"line":140,"column":2},"end":{"line":147,"column":3}},"47":{"start":{"line":141,"column":25},"end":{"line":141,"column":59}},"48":{"start":{"line":142,"column":4},"end":{"line":142,"column":55}},"49":{"start":{"line":143,"column":4},"end":{"line":143,"column":24}},"50":{"start":{"line":145,"column":4},"end":{"line":145,"column":59}},"51":{"start":{"line":146,"column":4},"end":{"line":146,"column":16}},"52":{"start":{"line":154,"column":2},"end":{"line":160,"column":3}},"53":{"start":{"line":155,"column":4},"end":{"line":155,"column":34}},"54":{"start":{"line":156,"column":4},"end":{"line":156,"column":46}},"55":{"start":{"line":158,"column":4},"end":{"line":158,"column":55}},"56":{"start":{"line":159,"column":4},"end":{"line":159,"column":16}},"57":{"start":{"line":167,"column":2},"end":{"line":173,"column":3}},"58":{"start":{"line":168,"column":4},"end":{"line":168,"column":29}},"59":{"start":{"line":169,"column":4},"end":{"line":169,"column":37}},"60":{"start":{"line":171,"column":4},"end":{"line":171,"column":53}},"61":{"start":{"line":172,"column":4},"end":{"line":172,"column":16}},"62":{"start":{"line":185,"column":2},"end":{"line":205,"column":3}},"63":{"start":{"line":186,"column":25},"end":{"line":186,"column":58}},"64":{"start":{"line":187,"column":31},"end":{"line":187,"column":63}},"65":{"start":{"line":189,"column":4},"end":{"line":191,"column":5}},"66":{"start":{"line":190,"column":6},"end":{"line":190,"column":33}},"67":{"start":{"line":194,"column":29},"end":{"line":194,"column":65}},"68":{"start":{"line":196,"column":4},"end":{"line":201,"column":6}},"69":{"start":{"line":203,"column":4},"end":{"line":203,"column":63}},"70":{"start":{"line":204,"column":4},"end":{"line":204,"column":16}},"71":{"start":{"line":212,"column":2},"end":{"line":218,"column":3}},"72":{"start":{"line":213,"column":25},"end":{"line":213,"column":58}},"73":{"start":{"line":214,"column":4},"end":{"line":214,"column":68}},"74":{"start":{"line":216,"column":4},"end":{"line":216,"column":60}},"75":{"start":{"line":217,"column":4},"end":{"line":217,"column":17}},"76":{"start":{"line":225,"column":2},"end":{"line":231,"column":3}},"77":{"start":{"line":226,"column":25},"end":{"line":226,"column":58}},"78":{"start":{"line":227,"column":4},"end":{"line":227,"column":41}},"79":{"start":{"line":229,"column":4},"end":{"line":229,"column":62}},"80":{"start":{"line":230,"column":4},"end":{"line":230,"column":14}}},"fnMap":{"0":{"name":"initializeRevenueCat","decl":{"start":{"line":33,"column":22},"end":{"line":33,"column":42}},"loc":{"start":{"line":33,"column":75},"end":{"line":54,"column":1}},"line":33},"1":{"name":"getCustomerInfo","decl":{"start":{"line":59,"column":22},"end":{"line":59,"column":37}},"loc":{"start":{"line":59,"column":70},"end":{"line":67,"column":1}},"line":59},"2":{"name":"hasActiveBoost","decl":{"start":{"line":72,"column":22},"end":{"line":72,"column":36}},"loc":{"start":{"line":72,"column":57},"end":{"line":81,"column":1}},"line":72},"3":{"name":"getOfferings","decl":{"start":{"line":86,"column":22},"end":{"line":86,"column":34}},"loc":{"start":{"line":86,"column":72},"end":{"line":114,"column":1}},"line":86},"4":{"name":"(anonymous_4)","decl":{"start":{"line":96,"column":19},"end":{"line":96,"column":20}},"loc":{"start":{"line":96,"column":31},"end":{"line":104,"column":7}},"line":96},"5":{"name":"purchasePackage","decl":{"start":{"line":119,"column":22},"end":{"line":119,"column":37}},"loc":{"start":{"line":121,"column":79},"end":{"line":134,"column":1}},"line":121},"6":{"name":"restorePurchases","decl":{"start":{"line":139,"column":22},"end":{"line":139,"column":38}},"loc":{"start":{"line":139,"column":64},"end":{"line":148,"column":1}},"line":139},"7":{"name":"identifyUser","decl":{"start":{"line":153,"column":22},"end":{"line":153,"column":34}},"loc":{"start":{"line":153,"column":66},"end":{"line":161,"column":1}},"line":153},"8":{"name":"logoutUser","decl":{"start":{"line":166,"column":22},"end":{"line":166,"column":32}},"loc":{"start":{"line":166,"column":50},"end":{"line":174,"column":1}},"line":166},"9":{"name":"getActiveSubscriptionInfo","decl":{"start":{"line":179,"column":22},"end":{"line":179,"column":47}},"loc":{"start":{"line":184,"column":10},"end":{"line":206,"column":1}},"line":184},"10":{"name":"hasAnyActiveEntitlement","decl":{"start":{"line":211,"column":22},"end":{"line":211,"column":45}},"loc":{"start":{"line":211,"column":66},"end":{"line":219,"column":1}},"line":211},"11":{"name":"getAllEntitlements","decl":{"start":{"line":224,"column":22},"end":{"line":224,"column":40}},"loc":{"start":{"line":224,"column":73},"end":{"line":232,"column":1}},"line":224}},"branchMap":{"0":{"loc":{"start":{"line":11,"column":11},"end":{"line":11,"column":99}},"type":"binary-expr","locations":[{"start":{"line":11,"column":11},"end":{"line":11,"column":61}},{"start":{"line":11,"column":65},"end":{"line":11,"column":99}}],"line":11},"1":{"loc":{"start":{"line":12,"column":7},"end":{"line":12,"column":91}},"type":"binary-expr","locations":[{"start":{"line":12,"column":7},"end":{"line":12,"column":53}},{"start":{"line":12,"column":57},"end":{"line":12,"column":91}}],"line":12},"2":{"loc":{"start":{"line":35,"column":4},"end":{"line":37,"column":5}},"type":"if","locations":[{"start":{"line":35,"column":4},"end":{"line":37,"column":5}},{"start":{},"end":{}}],"line":35},"3":{"loc":{"start":{"line":40,"column":4},"end":{"line":42,"column":5}},"type":"if","locations":[{"start":{"line":40,"column":4},"end":{"line":42,"column":5}},{"start":{},"end":{}}],"line":40},"4":{"loc":{"start":{"line":91,"column":42},"end":{"line":91,"column":81}},"type":"binary-expr","locations":[{"start":{"line":91,"column":42},"end":{"line":91,"column":71}},{"start":{"line":91,"column":75},"end":{"line":91,"column":81}}],"line":91},"5":{"loc":{"start":{"line":93,"column":4},"end":{"line":106,"column":5}},"type":"if","locations":[{"start":{"line":93,"column":4},"end":{"line":106,"column":5}},{"start":{},"end":{}}],"line":93},"6":{"loc":{"start":{"line":127,"column":4},"end":{"line":131,"column":5}},"type":"if","locations":[{"start":{"line":127,"column":4},"end":{"line":131,"column":5}},{"start":{"line":129,"column":11},"end":{"line":131,"column":5}}],"line":127},"7":{"loc":{"start":{"line":189,"column":4},"end":{"line":191,"column":5}},"type":"if","locations":[{"start":{"line":189,"column":4},"end":{"line":191,"column":5}},{"start":{},"end":{}}],"line":189}},"s":{"0":0,"1":0,"2":0,"3":0,"4":0,"5":0,"6":0,"7":0,"8":0,"9":0,"10":0,"11":0,"12":0,"13":0,"14":0,"15":0,"16":0,"17":0,"18":0,"19":0,"20":0,"21":0,"22":0,"23":0,"24":0,"25":0,"26":0,"27":0,"28":0,"29":0,"30":0,"31":0,"32":0,"33":0,"34":0,"35":0,"36":0,"37":0,"38":0,"39":0,"40":0,"41":0,"42":0,"43":0,"44":0,"45":0,"46":0,"47":0,"48":0,"49":0,"50":0,"51":0,"52":0,"53":0,"54":0,"55":0,"56":0,"57":0,"58":0,"59":0,"60":0,"61":0,"62":0,"63":0,"64":0,"65":0,"66":0,"67":0,"68":0,"69":0,"70":0,"71":0,"72":0,"73":0,"74":0,"75":0,"76":0,"77":0,"78":0,"79":0,"80":0},"f":{"0":0,"1":0,"2":0,"3":0,"4":0,"5":0,"6":0,"7":0,"8":0,"9":0,"10":0,"11":0},"b":{"0":[0,0],"1":[0,0],"2":[0,0],"3":[0,0],"4":[0,0],"5":[0,0],"6":[0,0],"7":[0,0]}}
,"/Users/roger.gost/Documents/repos/MatchMap/utils/supabase.ts": {"path":"/Users/roger.gost/Documents/repos/MatchMap/utils/supabase.ts","statementMap":{"0":{"start":{"line":6,"column":20},"end":{"line":6,"column":102}},"1":{"start":{"line":7,"column":24},"end":{"line":7,"column":279}},"2":{"start":{"line":10,"column":0},"end":{"line":12,"column":1}},"3":{"start":{"line":11,"column":2},"end":{"line":11,"column":82}},"4":{"start":{"line":14,"column":24},"end":{"line":21,"column":2}}},"fnMap":{},"branchMap":{"0":{"loc":{"start":{"line":6,"column":20},"end":{"line":6,"column":102}},"type":"binary-expr","locations":[{"start":{"line":6,"column":20},"end":{"line":6,"column":56}},{"start":{"line":6,"column":60},"end":{"line":6,"column":102}}],"line":6},"1":{"loc":{"start":{"line":7,"column":24},"end":{"line":7,"column":279}},"type":"binary-expr","locations":[{"start":{"line":7,"column":24},"end":{"line":7,"column":65}},{"start":{"line":7,"column":69},"end":{"line":7,"column":279}}],"line":7},"2":{"loc":{"start":{"line":10,"column":0},"end":{"line":12,"column":1}},"type":"if","locations":[{"start":{"line":10,"column":0},"end":{"line":12,"column":1}},{"start":{},"end":{}}],"line":10}},"s":{"0":0,"1":0,"2":0,"3":0,"4":0},"f":{},"b":{"0":[0,0],"1":[0,0],"2":[0,0]}}
}
