TN:
SF:hooks/useBoostBars.ts
FN:37,useBoostBars
FN:46,(anonymous_1)
FN:54,fetchBoostBars
FN:86,(anonymous_3)
FN:87,(anonymous_4)
FN:99,(anonymous_5)
FN:116,(anonymous_6)
FN:133,(anonymous_7)
FN:138,(anonymous_8)
FN:138,(anonymous_9)
FN:147,(anonymous_10)
FN:154,(anonymous_11)
FN:157,(anonymous_12)
FN:165,(anonymous_13)
FN:172,(anonymous_14)
FN:177,(anonymous_15)
FN:182,(anonymous_16)
FN:201,useBarBoost
FN:209,(anonymous_18)
FN:218,fetchBarBoost
FN:263,(anonymous_20)
FN:268,(anonymous_21)
FN:268,(anonymous_22)
FNF:23
FNH:0
FNDA:0,useBoostBars
FNDA:0,(anonymous_1)
FNDA:0,fetchBoostBars
FNDA:0,(anonymous_3)
FNDA:0,(anonymous_4)
FNDA:0,(anonymous_5)
FNDA:0,(anonymous_6)
FNDA:0,(anonymous_7)
FNDA:0,(anonymous_8)
FNDA:0,(anonymous_9)
FNDA:0,(anonymous_10)
FNDA:0,(anonymous_11)
FNDA:0,(anonymous_12)
FNDA:0,(anonymous_13)
FNDA:0,(anonymous_14)
FNDA:0,(anonymous_15)
FNDA:0,(anonymous_16)
FNDA:0,useBarBoost
FNDA:0,(anonymous_18)
FNDA:0,fetchBarBoost
FNDA:0,(anonymous_20)
FNDA:0,(anonymous_21)
FNDA:0,(anonymous_22)
DA:41,0
DA:42,0
DA:43,0
DA:46,0
DA:47,0
DA:48,0
DA:49,0
DA:52,0
DA:55,0
DA:56,0
DA:57,0
DA:59,0
DA:62,0
DA:80,0
DA:82,0
DA:85,0
DA:86,0
DA:88,0
DA:97,0
DA:99,0
DA:101,0
DA:113,0
DA:116,0
DA:117,0
DA:120,0
DA:121,0
DA:122,0
DA:125,0
DA:126,0
DA:131,0
DA:133,0
DA:134,0
DA:138,0
DA:141,0
DA:142,0
DA:147,0
DA:148,0
DA:149,0
DA:153,0
DA:154,0
DA:155,0
DA:157,0
DA:162,0
DA:165,0
DA:171,0
DA:172,0
DA:176,0
DA:177,0
DA:178,0
DA:180,0
DA:182,0
DA:187,0
DA:202,0
DA:206,0
DA:207,0
DA:209,0
DA:210,0
DA:211,0
DA:212,0
DA:213,0
DA:216,0
DA:219,0
DA:220,0
DA:222,0
DA:224,0
DA:234,0
DA:236,0
DA:238,0
DA:239,0
DA:244,0
DA:250,0
DA:251,0
DA:252,0
DA:255,0
DA:256,0
DA:261,0
DA:263,0
DA:264,0
DA:268,0
DA:270,0
LF:80
LH:0
BRDA:39,0,0,0
BRDA:47,1,0,0
BRDA:47,1,1,0
BRDA:80,2,0,0
BRDA:80,2,1,0
BRDA:82,3,0,0
BRDA:82,3,1,0
BRDA:85,4,0,0
BRDA:85,4,1,0
BRDA:86,5,0,0
BRDA:86,5,1,0
BRDA:97,6,0,0
BRDA:97,6,1,0
BRDA:99,7,0,0
BRDA:99,7,1,0
BRDA:117,8,0,0
BRDA:117,8,1,0
BRDA:120,9,0,0
BRDA:120,9,1,0
BRDA:122,10,0,0
BRDA:122,10,1,0
BRDA:125,11,0,0
BRDA:125,11,1,0
BRDA:141,12,0,0
BRDA:141,12,1,0
BRDA:142,13,0,0
BRDA:142,13,1,0
BRDA:148,14,0,0
BRDA:148,14,1,0
BRDA:153,15,0,0
BRDA:153,15,1,0
BRDA:153,16,0,0
BRDA:153,16,1,0
BRDA:210,17,0,0
BRDA:210,17,1,0
BRDA:234,18,0,0
BRDA:234,18,1,0
BRDA:236,19,0,0
BRDA:236,19,1,0
BRDA:238,20,0,0
BRDA:238,20,1,0
BRDA:251,21,0,0
BRDA:251,21,1,0
BRDA:255,22,0,0
BRDA:255,22,1,0
BRF:45
BRH:0
end_of_record
TN:
SF:hooks/useCategories.ts
FN:17,(anonymous_0)
FN:23,(anonymous_1)
FN:59,(anonymous_2)
FNF:3
FNH:0
FNDA:0,(anonymous_0)
FNDA:0,(anonymous_1)
FNDA:0,(anonymous_2)
DA:6,0
DA:17,0
DA:18,0
DA:19,0
DA:20,0
DA:21,0
DA:23,0
DA:24,0
DA:25,0
DA:26,0
DA:27,0
DA:30,0
DA:35,0
DA:36,0
DA:37,0
DA:40,0
DA:41,0
DA:42,0
DA:43,0
DA:45,0
DA:46,0
DA:47,0
DA:50,0
DA:51,0
DA:52,0
DA:53,0
DA:55,0
DA:59,0
DA:60,0
DA:63,0
LF:30
LH:0
BRDA:35,0,0,0
BRDA:35,0,1,0
BRDA:40,1,0,0
BRDA:40,1,1,0
BRDA:40,2,0,0
BRDA:40,2,1,0
BRDA:51,3,0,0
BRDA:51,3,1,0
BRF:8
BRH:0
end_of_record
TN:
SF:hooks/useCountdown.ts
FN:17,useCountdown
FN:18,(anonymous_1)
FN:23,(anonymous_2)
FN:33,(anonymous_3)
FN:43,(anonymous_4)
FN:53,calculateCountdown
FN:85,formatCountdown
FNF:7
FNH:0
FNDA:0,useCountdown
FNDA:0,(anonymous_1)
FNDA:0,(anonymous_2)
FNDA:0,(anonymous_3)
FNDA:0,(anonymous_4)
FNDA:0,calculateCountdown
FNDA:0,formatCountdown
DA:18,0
DA:19,0
DA:21,0
DA:23,0
DA:24,0
DA:25,0
DA:26,0
DA:30,0
DA:33,0
DA:34,0
DA:35,0
DA:38,0
DA:39,0
DA:43,0
DA:44,0
DA:45,0
DA:50,0
DA:54,0
DA:55,0
DA:58,0
DA:59,0
DA:60,0
DA:62,0
DA:63,0
DA:66,0
DA:67,0
DA:68,0
DA:69,0
DA:70,0
DA:72,0
DA:86,0
DA:88,0
DA:90,0
DA:92,0
DA:93,0
DA:95,0
LF:36
LH:0
BRDA:24,0,0,0
BRDA:24,0,1,0
BRDA:38,1,0,0
BRDA:38,1,1,0
BRDA:38,2,0,0
BRDA:38,2,1,0
BRDA:44,3,0,0
BRDA:44,3,1,0
BRDA:54,4,0,0
BRDA:54,4,1,0
BRDA:58,5,0,0
BRDA:58,5,1,0
BRDA:62,6,0,0
BRDA:62,6,1,0
BRDA:88,7,0,0
BRDA:88,7,1,0
BRDA:92,8,0,0
BRDA:92,8,1,0
BRF:18
BRH:0
end_of_record
TN:
SF:hooks/useFavorites.ts
FN:4,(anonymous_0)
FN:9,(anonymous_1)
FN:10,(anonymous_2)
FN:19,(anonymous_3)
FN:43,(anonymous_4)
FN:68,(anonymous_5)
FN:95,(anonymous_6)
FN:106,(anonymous_7)
FN:132,(anonymous_8)
FN:135,(anonymous_9)
FNF:10
FNH:0
FNDA:0,(anonymous_0)
FNDA:0,(anonymous_1)
FNDA:0,(anonymous_2)
FNDA:0,(anonymous_3)
FNDA:0,(anonymous_4)
FNDA:0,(anonymous_5)
FNDA:0,(anonymous_6)
FNDA:0,(anonymous_7)
FNDA:0,(anonymous_8)
FNDA:0,(anonymous_9)
DA:4,0
DA:5,0
DA:6,0
DA:9,0
DA:10,0
DA:11,0
DA:12,0
DA:13,0
DA:15,0
DA:19,0
DA:20,0
DA:22,0
DA:23,0
DA:30,0
DA:31,0
DA:32,0
DA:35,0
DA:37,0
DA:38,0
DA:43,0
DA:44,0
DA:45,0
DA:46,0
DA:49,0
DA:50,0
DA:54,0
DA:55,0
DA:56,0
DA:59,0
DA:60,0
DA:62,0
DA:63,0
DA:68,0
DA:69,0
DA:70,0
DA:71,0
DA:74,0
DA:75,0
DA:81,0
DA:82,0
DA:83,0
DA:86,0
DA:87,0
DA:89,0
DA:90,0
DA:95,0
DA:96,0
DA:98,0
DA:99,0
DA:101,0
DA:106,0
DA:107,0
DA:109,0
DA:110,0
DA:127,0
DA:128,0
DA:129,0
DA:132,0
DA:135,0
DA:139,0
DA:140,0
DA:144,0
LF:62
LH:0
BRDA:20,0,0,0
BRDA:20,0,1,0
BRDA:30,1,0,0
BRDA:30,1,1,0
BRDA:44,2,0,0
BRDA:44,2,1,0
BRDA:54,3,0,0
BRDA:54,3,1,0
BRDA:69,4,0,0
BRDA:69,4,1,0
BRDA:81,5,0,0
BRDA:81,5,1,0
BRDA:98,6,0,0
BRDA:98,6,1,0
BRDA:107,7,0,0
BRDA:107,7,1,0
BRDA:127,8,0,0
BRDA:127,8,1,0
BRDA:132,9,0,0
BRDA:132,9,1,0
BRDA:134,10,0,0
BRDA:134,10,1,0
BRDA:134,10,2,0
BRF:23
BRH:0
end_of_record
TN:
SF:hooks/useFilterData.ts
FN:5,(anonymous_0)
FN:16,(anonymous_1)
FN:32,(anonymous_2)
FN:45,(anonymous_3)
FN:117,useFilterData
FN:125,(anonymous_5)
FN:126,(anonymous_6)
FN:157,(anonymous_7)
FN:163,(anonymous_8)
FN:169,(anonymous_9)
FN:175,(anonymous_10)
FNF:11
FNH:0
FNDA:0,(anonymous_0)
FNDA:0,(anonymous_1)
FNDA:0,(anonymous_2)
FNDA:0,(anonymous_3)
FNDA:0,useFilterData
FNDA:0,(anonymous_5)
FNDA:0,(anonymous_6)
FNDA:0,(anonymous_7)
FNDA:0,(anonymous_8)
FNDA:0,(anonymous_9)
FNDA:0,(anonymous_10)
DA:5,0
DA:6,0
DA:13,0
DA:16,0
DA:17,0
DA:29,0
DA:32,0
DA:33,0
DA:42,0
DA:45,0
DA:46,0
DA:56,0
DA:75,0
DA:84,0
DA:97,0
DA:106,0
DA:118,0
DA:119,0
DA:120,0
DA:121,0
DA:122,0
DA:123,0
DA:125,0
DA:126,0
DA:127,0
DA:128,0
DA:129,0
DA:137,0
DA:145,0
DA:150,0
DA:151,0
DA:152,0
DA:153,0
DA:154,0
DA:157,0
DA:163,0
DA:169,0
DA:175,0
DA:180,0
DA:181,0
DA:182,0
DA:183,0
DA:187,0
DA:188,0
DA:190,0
DA:191,0
DA:192,0
DA:193,0
DA:195,0
DA:199,0
DA:202,0
LF:51
LH:0
BRDA:13,0,0,0
BRDA:13,0,1,0
BRDA:29,1,0,0
BRDA:29,1,1,0
BRDA:42,2,0,0
BRDA:42,2,1,0
BRDA:56,3,0,0
BRDA:56,3,1,0
BRDA:145,4,0,0
BRDA:145,4,1,0
BRDA:145,4,2,0
BRDA:145,4,3,0
BRDA:145,4,4,0
BRDA:145,4,5,0
BRDA:145,4,6,0
BRDA:145,4,7,0
BRDA:145,4,8,0
BRDA:145,4,9,0
BRDA:145,4,10,0
BRDA:145,4,11,0
BRDA:150,5,0,0
BRDA:150,5,1,0
BRF:22
BRH:0
end_of_record
TN:
SF:hooks/useMapboxDirections.ts
FN:47,(anonymous_0)
FN:53,(anonymous_1)
FN:107,(anonymous_2)
FN:138,(anonymous_3)
FNF:4
FNH:0
FNDA:0,(anonymous_0)
FNDA:0,(anonymous_1)
FNDA:0,(anonymous_2)
FNDA:0,(anonymous_3)
DA:3,0
DA:47,0
DA:48,0
DA:49,0
DA:50,0
DA:51,0
DA:53,0
DA:58,0
DA:59,0
DA:61,0
DA:64,0
DA:67,0
DA:69,0
DA:76,0
DA:78,0
DA:83,0
DA:85,0
DA:86,0
DA:89,0
DA:91,0
DA:92,0
DA:95,0
DA:98,0
DA:101,0
DA:104,0
DA:107,0
DA:112,0
DA:119,0
DA:125,0
DA:126,0
DA:129,0
DA:130,0
DA:131,0
DA:132,0
DA:134,0
DA:138,0
DA:139,0
DA:140,0
DA:143,0
LF:39
LH:0
BRDA:3,0,0,0
BRDA:3,0,1,0
BRDA:56,1,0,0
BRDA:67,2,0,0
BRDA:67,2,1,0
BRDA:85,3,0,0
BRDA:85,3,1,0
BRDA:91,4,0,0
BRDA:91,4,1,0
BRDA:91,5,0,0
BRDA:91,5,1,0
BRDA:107,6,0,0
BRDA:107,6,1,0
BRDA:129,7,0,0
BRDA:129,7,1,0
BRF:15
BRH:0
end_of_record
TN:
SF:hooks/useReviews.ts
FN:26,(anonymous_0)
FN:31,(anonymous_1)
FN:59,(anonymous_2)
FN:84,(anonymous_3)
FN:89,(anonymous_4)
FN:108,(anonymous_5)
FN:130,(anonymous_6)
FN:166,(anonymous_7)
FN:200,(anonymous_8)
FNF:9
FNH:9
FNDA:27,(anonymous_0)
FNDA:2,(anonymous_1)
FNDA:3,(anonymous_2)
FNDA:6,(anonymous_3)
FNDA:6,(anonymous_4)
FNDA:3,(anonymous_5)
FNDA:3,(anonymous_6)
FNDA:2,(anonymous_7)
FNDA:2,(anonymous_8)
DA:26,1
DA:27,27
DA:28,27
DA:31,27
DA:32,2
DA:33,2
DA:35,2
DA:36,2
DA:42,2
DA:43,1
DA:44,1
DA:45,1
DA:48,1
DA:50,0
DA:51,0
DA:52,0
DA:54,2
DA:59,27
DA:60,3
DA:61,3
DA:63,3
DA:64,3
DA:69,3
DA:70,1
DA:71,1
DA:72,1
DA:75,2
DA:76,1
DA:83,1
DA:84,6
DA:85,1
DA:88,1
DA:89,1
DA:90,6
DA:93,1
DA:99,0
DA:100,0
DA:101,0
DA:103,3
DA:108,27
DA:109,3
DA:110,3
DA:117,3
DA:118,1
DA:119,1
DA:122,2
DA:124,0
DA:125,0
DA:130,27
DA:136,3
DA:137,3
DA:139,3
DA:140,3
DA:149,3
DA:150,1
DA:151,1
DA:152,1
DA:155,2
DA:157,0
DA:158,0
DA:159,0
DA:161,3
DA:166,27
DA:171,2
DA:172,2
DA:174,2
DA:175,2
DA:183,2
DA:184,1
DA:185,1
DA:186,1
DA:189,1
DA:191,0
DA:192,0
DA:193,0
DA:195,2
DA:200,27
DA:201,2
DA:202,2
DA:204,2
DA:205,2
DA:210,2
DA:211,1
DA:212,1
DA:213,1
DA:216,1
DA:218,0
DA:219,0
DA:220,0
DA:222,2
DA:226,27
LF:91
LH:74
BRDA:42,0,0,1
BRDA:42,0,1,1
BRDA:48,1,0,1
BRDA:48,1,1,0
BRDA:69,2,0,1
BRDA:69,2,1,2
BRDA:75,3,0,1
BRDA:75,3,1,1
BRDA:75,4,0,2
BRDA:75,4,1,2
BRDA:117,5,0,1
BRDA:117,5,1,2
BRDA:117,6,0,3
BRDA:117,6,1,2
BRDA:146,7,0,3
BRDA:146,7,1,2
BRDA:149,8,0,1
BRDA:149,8,1,2
BRDA:179,9,0,2
BRDA:179,9,1,1
BRDA:183,10,0,1
BRDA:183,10,1,1
BRDA:210,11,0,1
BRDA:210,11,1,1
BRF:24
BRH:23
end_of_record
TN:
SF:lib/broadcastPreferences.ts
FN:2,teamSelectionKey
FN:16,buildBroadcastPreferencesPayload
FN:21,(anonymous_2)
FN:22,(anonymous_3)
FN:24,(anonymous_4)
FN:31,(anonymous_5)
FN:32,(anonymous_6)
FNF:7
FNH:7
FNDA:8,teamSelectionKey
FNDA:5,buildBroadcastPreferencesPayload
FNDA:3,(anonymous_2)
FNDA:2,(anonymous_3)
FNDA:5,(anonymous_4)
FNDA:5,(anonymous_5)
FNDA:5,(anonymous_6)
DA:3,8
DA:20,5
DA:21,3
DA:22,2
DA:24,5
DA:25,5
DA:26,5
DA:29,5
DA:31,5
DA:32,5
LF:10
LH:10
BRF:0
BRH:0
end_of_record
TN:
SF:lib/getBarPlanInfo.ts
FN:5,getBarPlanInfo
FN:37,getBarTierAndCapabilities
FNF:2
FNH:2
FNDA:5,getBarPlanInfo
FNDA:2,getBarTierAndCapabilities
DA:6,5
DA:14,5
DA:15,3
DA:21,2
DA:29,2
DA:30,2
DA:39,2
DA:40,2
DA:41,2
LF:9
LH:9
BRDA:14,0,0,3
BRDA:14,0,1,2
BRDA:14,1,0,5
BRDA:14,1,1,4
BRDA:14,1,2,4
BRDA:29,2,0,2
BRDA:29,2,1,0
BRDA:32,3,0,2
BRDA:32,3,1,1
BRF:9
BRH:8
end_of_record
TN:
SF:lib/matchSelectionLimits.ts
FN:19,checkEventLimit
FNF:1
FNH:1
FNDA:5,checkEventLimit
DA:24,5
DA:25,1
DA:28,4
DA:29,4
DA:30,4
DA:32,4
LF:6
LH:6
BRDA:24,0,0,1
BRDA:24,0,1,4
BRF:2
BRH:2
end_of_record
TN:
SF:lib/planCapabilities.ts
FN:8,(anonymous_0)
FNF:1
FNH:1
FNDA:5,(anonymous_0)
DA:8,2
DA:9,5
DA:10,4
DA:11,2
DA:28,2
DA:70,2
LF:6
LH:6
BRDA:9,0,0,1
BRDA:9,0,1,4
BRDA:10,1,0,2
BRDA:10,1,1,2
BRF:4
BRH:4
end_of_record
TN:
SF:services/bars.ts
FN:3,fetchBarIdsByTeam
FN:9,(anonymous_1)
FN:15,fetchBarIdsByMatch
FN:28,(anonymous_3)
FN:41,createAutoPreRegisterBar
FNF:5
FNH:5
FNDA:4,fetchBarIdsByTeam
FNDA:2,(anonymous_1)
FNDA:3,fetchBarIdsByMatch
FNDA:3,(anonymous_3)
FNDA:3,createAutoPreRegisterBar
DA:4,4
DA:8,4
DA:9,3
DA:16,3
DA:17,3
DA:19,3
DA:25,3
DA:28,3
DA:29,2
DA:30,2
DA:32,1
DA:33,1
DA:56,3
DA:58,3
DA:59,3
DA:60,1
DA:64,2
DA:69,2
DA:70,2
DA:71,2
DA:72,2
DA:73,2
DA:74,2
DA:75,2
DA:76,2
DA:77,2
DA:79,2
DA:85,2
DA:86,2
DA:89,2
DA:95,2
DA:96,1
DA:97,1
DA:98,1
DA:101,1
DA:102,1
DA:103,1
DA:104,1
DA:105,1
DA:107,1
DA:109,2
DA:110,2
LF:42
LH:42
BRDA:3,0,0,3
BRDA:8,1,0,1
BRDA:8,1,1,3
BRDA:9,2,0,3
BRDA:9,2,1,1
BRDA:25,3,0,1
BRDA:25,3,1,2
BRDA:28,4,0,2
BRDA:28,4,1,0
BRDA:59,5,0,1
BRDA:59,5,1,2
BRDA:59,6,0,3
BRDA:59,6,1,3
BRDA:95,7,0,1
BRDA:95,7,1,1
BRF:15
BRH:14
end_of_record
TN:
SF:stores/barRegisterStore.ts
FN:72,(anonymous_0)
FN:75,(anonymous_1)
FN:75,(anonymous_2)
FN:77,(anonymous_3)
FN:79,(anonymous_4)
FN:81,(anonymous_5)
FNF:6
FNH:0
FNDA:0,(anonymous_0)
FNDA:0,(anonymous_1)
FNDA:0,(anonymous_2)
FNDA:0,(anonymous_3)
FNDA:0,(anonymous_4)
FNDA:0,(anonymous_5)
DA:49,0
DA:72,0
DA:75,0
DA:77,0
DA:79,0
DA:82,0
DA:83,0
DA:84,0
LF:8
LH:0
BRF:0
BRH:0
end_of_record
TN:
SF:stores/favoritesStore.ts
FN:33,(anonymous_0)
FN:38,(anonymous_1)
FN:47,(anonymous_2)
FN:66,(anonymous_3)
FN:75,(anonymous_4)
FN:79,(anonymous_5)
FN:121,(anonymous_6)
FN:165,(anonymous_7)
FN:175,(anonymous_8)
FN:204,(anonymous_9)
FN:207,(anonymous_10)
FNF:11
FNH:11
FNDA:1,(anonymous_0)
FNDA:3,(anonymous_1)
FNDA:2,(anonymous_2)
FNDA:2,(anonymous_3)
FNDA:4,(anonymous_4)
FNDA:4,(anonymous_5)
FNDA:4,(anonymous_6)
FNDA:2,(anonymous_7)
FNDA:5,(anonymous_8)
FNDA:3,(anonymous_9)
FNDA:3,(anonymous_10)
DA:33,1
DA:39,3
DA:40,3
DA:41,2
DA:43,1
DA:48,2
DA:49,2
DA:50,0
DA:51,0
DA:54,2
DA:55,2
DA:60,2
DA:61,1
DA:62,1
DA:63,1
DA:66,2
DA:67,1
DA:68,1
DA:70,0
DA:71,0
DA:76,4
DA:80,4
DA:81,4
DA:82,1
DA:83,1
DA:87,3
DA:88,3
DA:89,3
DA:90,3
DA:93,3
DA:94,3
DA:98,3
DA:99,1
DA:101,1
DA:102,1
DA:103,1
DA:104,1
DA:105,1
DA:108,2
DA:109,2
DA:111,0
DA:113,0
DA:114,0
DA:115,0
DA:116,0
DA:117,0
DA:122,4
DA:123,4
DA:124,1
DA:125,1
DA:129,3
DA:130,3
DA:131,3
DA:132,3
DA:135,3
DA:136,3
DA:142,3
DA:143,1
DA:145,1
DA:146,1
DA:147,1
DA:148,1
DA:149,1
DA:152,2
DA:153,2
DA:155,0
DA:157,0
DA:158,0
DA:159,0
DA:160,0
DA:161,0
DA:166,2
DA:168,2
DA:169,1
DA:171,1
DA:176,5
DA:177,5
DA:179,4
DA:180,4
DA:199,4
DA:200,1
DA:201,1
DA:204,3
DA:207,3
DA:211,0
DA:212,0
LF:86
LH:68
BRDA:40,0,0,2
BRDA:40,0,1,1
BRDA:49,1,0,0
BRDA:49,1,1,2
BRDA:60,2,0,1
BRDA:60,2,1,1
BRDA:66,3,0,1
BRDA:66,3,1,0
BRDA:81,4,0,1
BRDA:81,4,1,3
BRDA:98,5,0,1
BRDA:98,5,1,2
BRDA:123,6,0,1
BRDA:123,6,1,3
BRDA:142,7,0,1
BRDA:142,7,1,2
BRDA:168,8,0,1
BRDA:168,8,1,1
BRDA:177,9,0,1
BRDA:177,9,1,4
BRDA:199,10,0,1
BRDA:199,10,1,3
BRDA:204,11,0,3
BRDA:204,11,1,0
BRDA:206,12,0,3
BRDA:206,12,1,2
BRDA:206,12,2,1
BRF:27
BRH:24
end_of_record
TN:
SF:stores/likesStore.ts
FN:19,(anonymous_0)
FN:24,(anonymous_1)
FN:33,(anonymous_2)
FN:52,(anonymous_3)
FN:61,(anonymous_4)
FN:65,(anonymous_5)
FN:107,(anonymous_6)
FN:151,(anonymous_7)
FNF:8
FNH:0
FNDA:0,(anonymous_0)
FNDA:0,(anonymous_1)
FNDA:0,(anonymous_2)
FNDA:0,(anonymous_3)
FNDA:0,(anonymous_4)
FNDA:0,(anonymous_5)
FNDA:0,(anonymous_6)
FNDA:0,(anonymous_7)
DA:19,0
DA:25,0
DA:26,0
DA:27,0
DA:29,0
DA:34,0
DA:35,0
DA:36,0
DA:37,0
DA:40,0
DA:41,0
DA:46,0
DA:47,0
DA:48,0
DA:49,0
DA:52,0
DA:53,0
DA:54,0
DA:56,0
DA:57,0
DA:62,0
DA:66,0
DA:67,0
DA:68,0
DA:69,0
DA:73,0
DA:74,0
DA:75,0
DA:76,0
DA:79,0
DA:80,0
DA:84,0
DA:85,0
DA:87,0
DA:88,0
DA:89,0
DA:90,0
DA:91,0
DA:94,0
DA:95,0
DA:97,0
DA:99,0
DA:100,0
DA:101,0
DA:102,0
DA:103,0
DA:108,0
DA:109,0
DA:110,0
DA:111,0
DA:115,0
DA:116,0
DA:117,0
DA:118,0
DA:121,0
DA:122,0
DA:128,0
DA:129,0
DA:131,0
DA:132,0
DA:133,0
DA:134,0
DA:135,0
DA:138,0
DA:139,0
DA:141,0
DA:143,0
DA:144,0
DA:145,0
DA:146,0
DA:147,0
DA:152,0
DA:154,0
DA:155,0
DA:157,0
LF:75
LH:0
BRDA:26,0,0,0
BRDA:26,0,1,0
BRDA:35,1,0,0
BRDA:35,1,1,0
BRDA:46,2,0,0
BRDA:46,2,1,0
BRDA:52,3,0,0
BRDA:52,3,1,0
BRDA:67,4,0,0
BRDA:67,4,1,0
BRDA:84,5,0,0
BRDA:84,5,1,0
BRDA:109,6,0,0
BRDA:109,6,1,0
BRDA:128,7,0,0
BRDA:128,7,1,0
BRDA:154,8,0,0
BRDA:154,8,1,0
BRF:18
BRH:0
end_of_record
TN:
SF:utils/auth.ts
FN:23,(anonymous_0)
FN:50,(anonymous_1)
FN:53,(anonymous_2)
FN:57,(anonymous_3)
FN:99,(anonymous_4)
FN:114,(anonymous_5)
FN:140,(anonymous_6)
FN:164,(anonymous_7)
FN:436,(anonymous_8)
FN:462,getRedirectUrl
FN:492,signInWithGoogle
FN:672,checkOAuthSession
FN:710,signInWithApple
FN:723,(anonymous_13)
FN:773,debugUserInfo
FN:802,sendPasswordResetEmail
FN:867,updatePassword
FN:903,deleteAccount
FN:956,(anonymous_18)
FN:965,(anonymous_19)
FN:971,(anonymous_20)
FNF:21
FNH:0
FNDA:0,(anonymous_0)
FNDA:0,(anonymous_1)
FNDA:0,(anonymous_2)
FNDA:0,(anonymous_3)
FNDA:0,(anonymous_4)
FNDA:0,(anonymous_5)
FNDA:0,(anonymous_6)
FNDA:0,(anonymous_7)
FNDA:0,(anonymous_8)
FNDA:0,getRedirectUrl
FNDA:0,signInWithGoogle
FNDA:0,checkOAuthSession
FNDA:0,signInWithApple
FNDA:0,(anonymous_13)
FNDA:0,debugUserInfo
FNDA:0,sendPasswordResetEmail
FNDA:0,updatePassword
FNDA:0,deleteAccount
FNDA:0,(anonymous_18)
FNDA:0,(anonymous_19)
FNDA:0,(anonymous_20)
DA:17,0
DA:23,0
DA:24,0
DA:26,0
DA:30,0
DA:31,0
DA:34,0
DA:35,0
DA:36,0
DA:50,0
DA:51,0
DA:53,0
DA:54,0
DA:56,0
DA:58,0
DA:60,0
DA:61,0
DA:62,0
DA:63,0
DA:66,0
DA:67,0
DA:69,0
DA:74,0
DA:75,0
DA:76,0
DA:78,0
DA:83,0
DA:85,0
DA:86,0
DA:88,0
DA:90,0
DA:91,0
DA:93,0
DA:94,0
DA:99,0
DA:100,0
DA:101,0
DA:114,0
DA:115,0
DA:116,0
DA:118,0
DA:119,0
DA:120,0
DA:123,0
DA:124,0
DA:127,0
DA:129,0
DA:130,0
DA:140,0
DA:141,0
DA:143,0
DA:145,0
DA:146,0
DA:147,0
DA:148,0
DA:149,0
DA:150,0
DA:153,0
DA:154,0
DA:160,0
DA:161,0
DA:163,0
DA:164,0
DA:165,0
DA:166,0
DA:167,0
DA:168,0
DA:169,0
DA:170,0
DA:175,0
DA:176,0
DA:181,0
DA:188,0
DA:189,0
DA:195,0
DA:202,0
DA:203,0
DA:211,0
DA:217,0
DA:218,0
DA:219,0
DA:220,0
DA:224,0
DA:225,0
DA:226,0
DA:227,0
DA:228,0
DA:229,0
DA:230,0
DA:231,0
DA:232,0
DA:233,0
DA:236,0
DA:237,0
DA:238,0
DA:239,0
DA:240,0
DA:241,0
DA:242,0
DA:245,0
DA:246,0
DA:247,0
DA:248,0
DA:249,0
DA:250,0
DA:251,0
DA:252,0
DA:257,0
DA:258,0
DA:259,0
DA:262,0
DA:268,0
DA:274,0
DA:277,0
DA:278,0
DA:280,0
DA:282,0
DA:283,0
DA:284,0
DA:285,0
DA:288,0
DA:293,0
DA:294,0
DA:296,0
DA:299,0
DA:301,0
DA:306,0
DA:309,0
DA:310,0
DA:311,0
DA:312,0
DA:322,0
DA:323,0
DA:324,0
DA:325,0
DA:326,0
DA:327,0
DA:330,0
DA:331,0
DA:332,0
DA:333,0
DA:334,0
DA:336,0
DA:337,0
DA:338,0
DA:339,0
DA:343,0
DA:344,0
DA:345,0
DA:346,0
DA:347,0
DA:351,0
DA:352,0
DA:354,0
DA:355,0
DA:356,0
DA:361,0
DA:366,0
DA:368,0
DA:377,0
DA:380,0
DA:381,0
DA:382,0
DA:384,0
DA:385,0
DA:386,0
DA:387,0
DA:388,0
DA:391,0
DA:392,0
DA:393,0
DA:394,0
DA:395,0
DA:396,0
DA:398,0
DA:402,0
DA:405,0
DA:406,0
DA:407,0
DA:408,0
DA:410,0
DA:412,0
DA:413,0
DA:414,0
DA:417,0
DA:424,0
DA:425,0
DA:426,0
DA:427,0
DA:436,0
DA:437,0
DA:438,0
DA:439,0
DA:441,0
DA:442,0
DA:443,0
DA:446,0
DA:447,0
DA:449,0
DA:450,0
DA:463,0
DA:465,0
DA:469,0
DA:470,0
DA:473,0
DA:474,0
DA:475,0
DA:498,0
DA:499,0
DA:500,0
DA:501,0
DA:504,0
DA:505,0
DA:508,0
DA:521,0
DA:522,0
DA:523,0
DA:529,0
DA:530,0
DA:531,0
DA:537,0
DA:538,0
DA:541,0
DA:543,0
DA:551,0
DA:554,0
DA:555,0
DA:558,0
DA:559,0
DA:562,0
DA:563,0
DA:564,0
DA:565,0
DA:566,0
DA:570,0
DA:571,0
DA:572,0
DA:573,0
DA:576,0
DA:577,0
DA:578,0
DA:579,0
DA:585,0
DA:586,0
DA:587,0
DA:590,0
DA:593,0
DA:598,0
DA:599,0
DA:600,0
DA:606,0
DA:607,0
DA:608,0
DA:614,0
DA:615,0
DA:616,0
DA:617,0
DA:620,0
DA:626,0
DA:627,0
DA:628,0
DA:632,0
DA:633,0
DA:634,0
DA:639,0
DA:640,0
DA:647,0
DA:648,0
DA:651,0
DA:653,0
DA:654,0
DA:655,0
DA:656,0
DA:657,0
DA:658,0
DA:661,0
DA:673,0
DA:674,0
DA:676,0
DA:677,0
DA:678,0
DA:681,0
DA:682,0
DA:683,0
DA:684,0
DA:685,0
DA:687,0
DA:690,0
DA:692,0
DA:693,0
DA:711,0
DA:712,0
DA:714,0
DA:715,0
DA:718,0
DA:721,0
DA:722,0
DA:723,0
DA:725,0
DA:731,0
DA:739,0
DA:740,0
DA:743,0
DA:746,0
DA:752,0
DA:753,0
DA:754,0
DA:757,0
DA:758,0
DA:760,0
DA:761,0
DA:774,0
DA:775,0
DA:777,0
DA:778,0
DA:779,0
DA:782,0
DA:783,0
DA:784,0
DA:785,0
DA:786,0
DA:787,0
DA:788,0
DA:789,0
DA:791,0
DA:808,0
DA:809,0
DA:814,0
DA:816,0
DA:817,0
DA:818,0
DA:820,0
DA:821,0
DA:822,0
DA:825,0
DA:826,0
DA:829,0
DA:830,0
DA:833,0
DA:836,0
DA:837,0
DA:840,0
DA:841,0
DA:843,0
DA:847,0
DA:848,0
DA:849,0
DA:850,0
DA:851,0
DA:854,0
DA:855,0
DA:856,0
DA:858,0
DA:859,0
DA:860,0
DA:873,0
DA:874,0
DA:876,0
DA:880,0
DA:881,0
DA:882,0
DA:885,0
DA:886,0
DA:888,0
DA:889,0
DA:907,0
DA:908,0
DA:910,0
DA:911,0
DA:916,0
DA:917,0
DA:918,0
DA:921,0
DA:922,0
DA:924,0
DA:933,0
DA:935,0
DA:936,0
DA:940,0
DA:942,0
DA:944,0
DA:956,0
DA:957,0
DA:958,0
DA:965,0
DA:966,0
DA:971,0
LF:387
LH:0
BRDA:24,0,0,0
BRDA:24,0,1,0
BRDA:60,1,0,0
BRDA:60,1,1,0
BRDA:60,2,0,0
BRDA:60,2,1,0
BRDA:67,3,0,0
BRDA:67,3,1,0
BRDA:74,4,0,0
BRDA:74,4,1,0
BRDA:74,5,0,0
BRDA:74,5,1,0
BRDA:85,6,0,0
BRDA:85,6,1,0
BRDA:90,7,0,0
BRDA:90,7,1,0
BRDA:93,8,0,0
BRDA:93,8,1,0
BRDA:118,9,0,0
BRDA:118,9,1,0
BRDA:123,10,0,0
BRDA:123,10,1,0
BRDA:160,11,0,0
BRDA:160,11,1,0
BRDA:182,12,0,0
BRDA:182,12,1,0
BRDA:196,13,0,0
BRDA:196,13,1,0
BRDA:212,14,0,0
BRDA:212,14,1,0
BRDA:217,15,0,0
BRDA:217,15,1,0
BRDA:225,16,0,0
BRDA:225,16,1,0
BRDA:225,17,0,0
BRDA:225,17,1,0
BRDA:228,18,0,0
BRDA:228,18,1,0
BRDA:228,19,0,0
BRDA:228,19,1,0
BRDA:231,20,0,0
BRDA:231,20,1,0
BRDA:231,21,0,0
BRDA:231,21,1,0
BRDA:236,22,0,0
BRDA:236,22,1,0
BRDA:257,23,0,0
BRDA:257,23,1,0
BRDA:274,24,0,0
BRDA:274,24,1,0
BRDA:274,24,2,0
BRDA:274,24,3,0
BRDA:277,25,0,0
BRDA:277,25,1,0
BRDA:278,26,0,0
BRDA:278,26,1,0
BRDA:280,27,0,0
BRDA:280,27,1,0
BRDA:293,28,0,0
BRDA:293,28,1,0
BRDA:322,29,0,0
BRDA:322,29,1,0
BRDA:322,30,0,0
BRDA:322,30,1,0
BRDA:330,31,0,0
BRDA:330,31,1,0
BRDA:344,32,0,0
BRDA:344,32,1,0
BRDA:391,33,0,0
BRDA:391,33,1,0
BRDA:391,34,0,0
BRDA:391,34,1,0
BRDA:395,35,0,0
BRDA:395,35,1,0
BRDA:407,36,0,0
BRDA:407,36,1,0
BRDA:408,37,0,0
BRDA:408,37,1,0
BRDA:410,38,0,0
BRDA:410,38,1,0
BRDA:410,39,0,0
BRDA:410,39,1,0
BRDA:419,40,0,0
BRDA:419,40,1,0
BRDA:441,41,0,0
BRDA:441,41,1,0
BRDA:463,42,0,0
BRDA:463,42,1,0
BRDA:501,43,0,0
BRDA:501,43,1,0
BRDA:521,44,0,0
BRDA:521,44,1,0
BRDA:529,45,0,0
BRDA:529,45,1,0
BRDA:554,46,0,0
BRDA:554,46,1,0
BRDA:554,47,0,0
BRDA:554,47,1,0
BRDA:562,48,0,0
BRDA:562,48,1,0
BRDA:570,49,0,0
BRDA:570,49,1,0
BRDA:570,50,0,0
BRDA:570,50,1,0
BRDA:576,51,0,0
BRDA:576,51,1,0
BRDA:576,52,0,0
BRDA:576,52,1,0
BRDA:598,53,0,0
BRDA:598,53,1,0
BRDA:606,54,0,0
BRDA:606,54,1,0
BRDA:626,55,0,0
BRDA:626,55,1,0
BRDA:632,56,0,0
BRDA:632,56,1,0
BRDA:651,57,0,0
BRDA:651,57,1,0
BRDA:653,58,0,0
BRDA:653,58,1,0
BRDA:655,59,0,0
BRDA:655,59,1,0
BRDA:657,60,0,0
BRDA:657,60,1,0
BRDA:676,61,0,0
BRDA:676,61,1,0
BRDA:681,62,0,0
BRDA:681,62,1,0
BRDA:714,63,0,0
BRDA:714,63,1,0
BRDA:739,64,0,0
BRDA:739,64,1,0
BRDA:752,65,0,0
BRDA:752,65,1,0
BRDA:777,66,0,0
BRDA:777,66,1,0
BRDA:777,67,0,0
BRDA:777,67,1,0
BRDA:814,68,0,0
BRDA:814,68,1,0
BRDA:820,69,0,0
BRDA:820,69,1,0
BRDA:841,70,0,0
BRDA:841,70,1,0
BRDA:847,71,0,0
BRDA:847,71,1,0
BRDA:880,72,0,0
BRDA:880,72,1,0
BRDA:910,73,0,0
BRDA:910,73,1,0
BRDA:910,74,0,0
BRDA:910,74,1,0
BRDA:917,75,0,0
BRDA:917,75,1,0
BRDA:921,76,0,0
BRDA:921,76,1,0
BRDA:935,77,0,0
BRDA:935,77,1,0
BRDA:935,78,0,0
BRDA:935,78,1,0
BRDA:936,79,0,0
BRDA:936,79,1,0
BRDA:944,80,0,0
BRDA:944,80,1,0
BRF:164
BRH:0
end_of_record
TN:
SF:utils/geo.ts
FN:16,haversineDistance
FN:35,toRadians
FN:42,roundCoordinate
FN:51,haversineDistanceMeters
FN:63,coordsToKey
FNF:5
FNH:5
FNDA:8,haversineDistance
FNDA:32,toRadians
FNDA:12,roundCoordinate
FNDA:2,haversineDistanceMeters
FNDA:4,coordsToKey
DA:17,8
DA:18,8
DA:19,8
DA:22,8
DA:28,8
DA:29,8
DA:36,32
DA:43,12
DA:44,12
DA:57,2
DA:64,4
DA:65,4
DA:66,4
LF:13
LH:13
BRDA:42,0,0,1
BRDA:63,1,0,3
BRF:2
BRH:2
end_of_record
TN:
SF:utils/revenuecat.ts
FN:33,initializeRevenueCat
FN:59,getCustomerInfo
FN:72,hasActiveBoost
FN:86,getOfferings
FN:96,(anonymous_4)
FN:119,purchasePackage
FN:139,restorePurchases
FN:153,identifyUser
FN:166,logoutUser
FN:179,getActiveSubscriptionInfo
FN:211,hasAnyActiveEntitlement
FN:224,getAllEntitlements
FNF:12
FNH:0
FNDA:0,initializeRevenueCat
FNDA:0,getCustomerInfo
FNDA:0,hasActiveBoost
FNDA:0,getOfferings
FNDA:0,(anonymous_4)
FNDA:0,purchasePackage
FNDA:0,restorePurchases
FNDA:0,identifyUser
FNDA:0,logoutUser
FNDA:0,getActiveSubscriptionInfo
FNDA:0,hasAnyActiveEntitlement
FNDA:0,getAllEntitlements
DA:10,0
DA:17,0
DA:22,0
DA:34,0
DA:35,0
DA:36,0
DA:39,0
DA:40,0
DA:41,0
DA:44,0
DA:49,0
DA:51,0
DA:52,0
DA:60,0
DA:61,0
DA:62,0
DA:64,0
DA:65,0
DA:73,0
DA:74,0
DA:75,0
DA:76,0
DA:78,0
DA:79,0
DA:87,0
DA:88,0
DA:90,0
DA:91,0
DA:93,0
DA:94,0
DA:95,0
DA:96,0
DA:97,0
DA:105,0
DA:108,0
DA:109,0
DA:111,0
DA:112,0
DA:122,0
DA:123,0
DA:124,0
DA:125,0
DA:127,0
DA:128,0
DA:130,0
DA:132,0
DA:140,0
DA:141,0
DA:142,0
DA:143,0
DA:145,0
DA:146,0
DA:154,0
DA:155,0
DA:156,0
DA:158,0
DA:159,0
DA:167,0
DA:168,0
DA:169,0
DA:171,0
DA:172,0
DA:185,0
DA:186,0
DA:187,0
DA:189,0
DA:190,0
DA:194,0
DA:196,0
DA:203,0
DA:204,0
DA:212,0
DA:213,0
DA:214,0
DA:216,0
DA:217,0
DA:225,0
DA:226,0
DA:227,0
DA:229,0
DA:230,0
LF:81
LH:0
BRDA:11,0,0,0
BRDA:11,0,1,0
BRDA:12,1,0,0
BRDA:12,1,1,0
BRDA:35,2,0,0
BRDA:35,2,1,0
BRDA:40,3,0,0
BRDA:40,3,1,0
BRDA:91,4,0,0
BRDA:91,4,1,0
BRDA:93,5,0,0
BRDA:93,5,1,0
BRDA:127,6,0,0
BRDA:127,6,1,0
BRDA:189,7,0,0
BRDA:189,7,1,0
BRF:16
BRH:0
end_of_record
TN:
SF:utils/supabase.ts
FNF:0
FNH:0
DA:6,0
DA:7,0
DA:10,0
DA:11,0
DA:14,0
LF:5
LH:0
BRDA:6,0,0,0
BRDA:6,0,1,0
BRDA:7,1,0,0
BRDA:7,1,1,0
BRDA:10,2,0,0
BRDA:10,2,1,0
BRF:6
BRH:0
end_of_record
